Timestamp, Trend5m, Trend15m, SignalCE_ATM, SignalPE_ATM, VolConfCE, VolConfPE, FinalSuggestion, EntryPrice, ExitPrice
2025-11-06T18:11:17.424Z,NO TRADE,,
2025-11-06T18:11:17.426Z,,SCALP NO TRADE,
2025-11-06T18:12:16.562Z,NO TRADE,,
2025-11-06T18:12:16.563Z,,SCALP NO TRADE,
2025-11-06T18:13:17.071Z,NO TRADE,,
2025-11-06T18:13:17.072Z,,SCALP NO TRADE,
2025-11-06T18:14:17.061Z,NO TRADE,,
2025-11-06T18:14:17.063Z,,SCALP NO TRADE,
2025-11-06T18:15:16.771Z,NO TRADE,,
2025-11-06T18:15:16.774Z,,SCALP NO TRADE,
2025-11-06T18:16:16.925Z,NO TRADE,,
2025-11-06T18:16:16.926Z,,SCALP NO TRADE,
2025-11-06T18:17:16.925Z,NO TRADE,,
2025-11-06T18:17:16.926Z,,SCALP NO TRADE,
2025-11-06T18:18:16.744Z,NO TRADE,,
2025-11-06T18:18:16.745Z,,SCALP NO TRADE,
2025-11-06T18:19:16.977Z,NO TRADE,,
2025-11-06T18:19:16.977Z,,SCALP NO TRADE,
2025-11-06T18:20:16.993Z,NO TRADE,,
2025-11-06T18:20:16.995Z,,SCALP NO TRADE,
2025-11-06T18:21:17.110Z,NO TRADE,,
2025-11-06T18:21:17.111Z,,SCALP NO TRADE,
2025-11-06T18:22:17.235Z,NO TRADE,,
2025-11-06T18:22:17.238Z,,SCALP NO TRADE,
2025-11-06T18:23:16.920Z,NO TRADE,,
2025-11-06T18:23:16.921Z,,SCALP NO TRADE,
2025-11-06T18:24:17.093Z,,SCALP NO TRADE,
2025-11-06T18:24:17.093Z,NO TRADE,,
2025-11-06T18:25:16.711Z,NO TRADE,,
2025-11-06T18:25:16.712Z,,SCALP NO TRADE,
2025-11-06T18:26:17.030Z,,SCALP NO TRADE,
2025-11-06T18:26:17.028Z,NO TRADE,,
2025-11-06T18:27:16.986Z,NO TRADE,,
2025-11-06T18:27:16.986Z,,SCALP NO TRADE,
2025-11-06T18:28:16.565Z,NO TRADE,,
2025-11-06T18:28:16.566Z,,SCALP NO TRADE,
2025-11-06T18:29:17.151Z,NO TRADE,,
2025-11-06T18:29:17.152Z,,SCALP NO TRADE,
2025-11-06T18:30:17.072Z,NO TRADE,,
2025-11-06T18:30:17.072Z,,SCALP NO TRADE,
2025-11-06T18:31:16.831Z,NO TRADE,,
2025-11-06T18:31:16.832Z,,SCALP NO TRADE,
2025-11-06T18:32:17.118Z,NO TRADE,,
2025-11-06T18:32:17.120Z,,SCALP NO TRADE,
2025-11-06T18:33:16.990Z,NO TRADE,,
2025-11-06T18:33:16.992Z,,SCALP NO TRADE,
2025-11-06T18:34:17.043Z,NO TRADE,,
2025-11-06T18:34:17.046Z,,SCALP NO TRADE,
2025-11-06T18:35:17.139Z,NO TRADE,,
2025-11-06T18:35:17.141Z,,SCALP NO TRADE,
2025-11-06T18:36:17.338Z,NO TRADE,,
2025-11-06T18:36:17.340Z,,SCALP NO TRADE,
2025-11-06T18:37:16.678Z,NO TRADE,,
2025-11-06T18:37:16.679Z,,SCALP NO TRADE,
2025-11-06T18:38:17.134Z,NO TRADE,,
2025-11-06T18:38:17.135Z,,SCALP NO TRADE,
2025-11-06T18:39:17.384Z,NO TRADE,,
2025-11-06T18:39:17.385Z,,SCALP NO TRADE,
2025-11-06T18:40:17.154Z,,SCALP NO TRADE,
2025-11-06T18:40:17.153Z,NO TRADE,,
2025-11-06T18:41:16.828Z,,SCALP NO TRADE,
2025-11-06T18:41:16.826Z,NO TRADE,,
2025-11-06T18:42:16.845Z,NO TRADE,,
2025-11-06T18:42:16.846Z,,SCALP NO TRADE,
2025-11-06T18:43:17.368Z,NO TRADE,,
2025-11-06T18:43:17.368Z,,SCALP NO TRADE,
2025-11-06T18:44:17.234Z,,SCALP NO TRADE,
2025-11-06T18:44:17.232Z,NO TRADE,,
2025-11-06T18:45:17.148Z,NO TRADE,,
2025-11-06T18:45:17.149Z,,SCALP NO TRADE,
2025-11-06T18:45:31.740Z,NO TRADE,,
2025-11-06T18:45:31.742Z,,SCALP NO TRADE,
2025-11-06T18:46:31.839Z,NO TRADE,,
2025-11-06T18:46:31.840Z,,SCALP NO TRADE,
2025-11-06T18:47:31.821Z,,SCALP NO TRADE,
2025-11-06T18:47:31.821Z,NO TRADE,,
2025-11-06T18:48:31.923Z,NO TRADE,,
2025-11-06T18:48:31.923Z,,SCALP NO TRADE,
2025-11-06T18:49:31.894Z,NO TRADE,,
2025-11-06T18:49:31.895Z,,SCALP NO TRADE,
2025-11-06T18:50:31.828Z,NO TRADE,,
2025-11-06T18:50:31.829Z,,SCALP NO TRADE,
2025-11-06T18:51:31.727Z,NO TRADE,,
2025-11-06T18:51:31.728Z,,SCALP NO TRADE,
2025-11-06T18:52:31.875Z,NO TRADE,,
2025-11-06T18:52:31.877Z,,SCALP NO TRADE,
2025-11-06T18:53:31.773Z,NO TRADE,,
2025-11-06T18:53:31.774Z,,SCALP NO TRADE,
2025-11-06T18:54:31.970Z,NO TRADE,,
2025-11-06T18:54:31.972Z,,SCALP NO TRADE,
2025-11-06T18:54:46.836Z,NO TRADE,,
2025-11-06T18:54:46.837Z,,SCALP NO TRADE,
2025-11-06T18:55:46.850Z,,SCALP NO TRADE,
2025-11-06T18:55:46.848Z,NO TRADE,,
2025-11-06T18:56:46.899Z,NO TRADE,,
2025-11-06T18:56:46.902Z,,SCALP NO TRADE,
2025-11-06T18:57:46.892Z,NO TRADE,,
2025-11-06T18:57:46.896Z,,SCALP NO TRADE,
2025-11-06T18:58:46.882Z,NO TRADE,,
2025-11-06T18:58:46.883Z,,SCALP NO TRADE,
2025-11-06T18:59:46.833Z,NO TRADE,,
2025-11-06T18:59:46.834Z,,SCALP NO TRADE,
2025-11-06T19:00:46.767Z,,SCALP NO TRADE,
2025-11-06T19:00:46.766Z,NO TRADE,,
2025-11-06T19:01:46.850Z,NO TRADE,,
2025-11-06T19:01:46.851Z,,SCALP NO TRADE,
2025-11-06T19:02:46.529Z,NO TRADE,,
2025-11-06T19:02:46.531Z,,SCALP NO TRADE,
2025-11-06T19:03:46.835Z,NO TRADE,,
2025-11-06T19:03:46.836Z,,SCALP NO TRADE,
2025-11-06T19:04:46.708Z,NO TRADE,,
2025-11-06T19:04:46.710Z,,SCALP NO TRADE,
2025-11-06T19:05:46.897Z,NO TRADE,,
2025-11-06T19:05:46.897Z,,SCALP NO TRADE,
2025-11-06T19:06:46.425Z,NO TRADE,,
2025-11-06T19:06:46.426Z,,SCALP NO TRADE,
2025-11-06T19:07:46.472Z,NO TRADE,,
2025-11-06T19:07:46.473Z,,SCALP NO TRADE,
2025-11-06T19:08:46.469Z,NO TRADE,,
2025-11-06T19:08:46.471Z,,SCALP NO TRADE,
2025-11-06T19:09:47.020Z,NO TRADE,,
2025-11-06T19:09:47.021Z,,SCALP NO TRADE,
2025-11-06T19:10:46.997Z,NO TRADE,,
2025-11-06T19:10:46.998Z,,SCALP NO TRADE,
2025-11-06T19:11:46.524Z,NO TRADE,,
2025-11-06T19:11:46.524Z,,SCALP NO TRADE,
2025-11-06T19:12:47.077Z,NO TRADE,,
2025-11-06T19:12:47.078Z,,SCALP NO TRADE,
2025-11-06T19:13:46.581Z,NO TRADE,,
2025-11-06T19:13:46.583Z,,SCALP NO TRADE,
2025-11-06T19:14:46.979Z,NO TRADE,,
2025-11-06T19:14:46.979Z,,SCALP NO TRADE,
2025-11-06T19:15:47.044Z,NO TRADE,,
2025-11-06T19:15:47.046Z,,SCALP NO TRADE,
2025-11-06T19:16:46.999Z,NO TRADE,,
2025-11-06T19:16:46.999Z,,SCALP NO TRADE,
2025-11-06T19:17:47.290Z,NO TRADE,,
2025-11-06T19:17:47.292Z,,SCALP NO TRADE,
2025-11-06T19:18:46.946Z,NO TRADE,,
2025-11-06T19:18:46.947Z,,SCALP NO TRADE,
2025-11-06T19:19:47.013Z,NO TRADE,,
2025-11-06T19:19:47.014Z,,SCALP NO TRADE,
2025-11-06T19:20:33.634Z,NO TRADE,,
2025-11-06T19:20:33.635Z,,SCALP NO TRADE,
2025-11-06T19:21:33.685Z,NO TRADE,,
2025-11-06T19:21:33.685Z,,SCALP NO TRADE,
2025-11-06T19:22:33.978Z,NO TRADE,,
2025-11-06T19:22:33.980Z,,SCALP NO TRADE,
2025-11-06T19:23:33.440Z,NO TRADE,,
2025-11-06T19:23:33.441Z,,SCALP NO TRADE,
2025-11-06T19:24:33.707Z,,SCALP NO TRADE,
2025-11-06T19:24:33.706Z,NO TRADE,,
2025-11-06T19:24:59.349Z,NO TRADE,,
2025-11-06T19:24:59.350Z,,SCALP NO TRADE,
2025-11-06T19:25:59.439Z,NO TRADE,,
2025-11-06T19:25:59.440Z,,SCALP NO TRADE,
2025-11-06T19:26:59.413Z,NO TRADE,,
2025-11-06T19:26:59.413Z,,SCALP NO TRADE,
2025-11-06T19:27:59.323Z,NO TRADE,,
2025-11-06T19:27:59.323Z,,SCALP NO TRADE,
2025-11-06T19:28:59.524Z,NO TRADE,,
2025-11-06T19:28:59.525Z,,SCALP NO TRADE,
2025-11-06T19:29:59.500Z,NO TRADE,,
2025-11-06T19:29:59.501Z,,SCALP NO TRADE,
2025-11-06T19:30:59.446Z,NO TRADE,,
2025-11-06T19:30:59.447Z,,SCALP NO TRADE,
2025-11-06T19:31:58.981Z,NO TRADE,,
2025-11-06T19:31:58.981Z,,SCALP NO TRADE,
2025-11-06T19:32:59.015Z,NO TRADE,,
2025-11-06T19:32:59.015Z,,SCALP NO TRADE,
2025-11-06T19:33:59.562Z,NO TRADE,,
2025-11-06T19:33:59.563Z,,SCALP NO TRADE,
2025-11-06T19:34:59.730Z,NO TRADE,,
2025-11-06T19:34:59.731Z,,SCALP NO TRADE,
2025-11-06T19:35:18.036Z,NO TRADE,,
2025-11-06T19:35:18.037Z,,SCALP NO TRADE,
2025-11-06T19:36:17.693Z,NO TRADE,,
2025-11-06T19:36:17.695Z,,SCALP NO TRADE,
2025-11-06T19:37:17.626Z,,SCALP NO TRADE,
2025-11-06T19:37:17.624Z,NO TRADE,,
2025-11-06T19:38:17.949Z,NO TRADE,,
2025-11-06T19:38:17.950Z,,SCALP NO TRADE,
2025-11-06T19:39:17.679Z,NO TRADE,,
2025-11-06T19:39:17.680Z,,SCALP NO TRADE,
2025-11-06T19:40:17.659Z,NO TRADE,,
2025-11-06T19:40:17.660Z,,SCALP NO TRADE,
2025-11-06T19:40:27.660Z,NO TRADE,,
2025-11-06T19:40:27.661Z,,SCALP SHORT,
2025-11-06T19:41:27.742Z,NO TRADE,,
2025-11-06T19:41:27.742Z,,SCALP SHORT,
2025-11-06T19:42:27.899Z,NO TRADE,,
2025-11-06T19:42:27.900Z,,SCALP SHORT,
2025-11-06T19:43:27.855Z,NO TRADE,,
2025-11-06T19:43:27.855Z,,SCALP SHORT,
2025-11-06T19:44:27.908Z,NO TRADE,,
2025-11-06T19:44:27.908Z,,SCALP SHORT,
2025-11-06T19:45:27.837Z,,SCALP SHORT,
2025-11-06T19:45:27.836Z,NO TRADE,,
2025-11-06T19:46:28.673Z,NO TRADE,,
2025-11-06T19:46:28.673Z,,SCALP SHORT,
2025-11-07T11:11:10.957Z,NO TRADE,,
2025-11-07T11:11:10.958Z,,SCALP NO TRADE,
2025-11-07T11:12:10.616Z,NO TRADE,,
2025-11-07T11:12:10.617Z,,SCALP NO TRADE,
2025-11-07T11:13:11.587Z,NO TRADE,,
2025-11-07T11:13:11.590Z,,SCALP NO TRADE,
2025-11-07T11:14:10.797Z,NO TRADE,,
2025-11-07T11:14:10.799Z,,SCALP NO TRADE,
2025-11-07T11:15:11.066Z,NO TRADE,,
2025-11-07T11:15:11.067Z,,SCALP NO TRADE,
2025-11-07T11:16:10.498Z,NO TRADE,,
2025-11-07T11:16:10.503Z,,SCALP NO TRADE,
2025-11-07T11:17:10.742Z,NO TRADE,,
2025-11-07T11:17:10.742Z,,SCALP NO TRADE,
2025-11-07T11:18:10.856Z,NO TRADE,,
2025-11-07T11:18:10.857Z,,SCALP NO TRADE,
2025-11-07T11:19:11.058Z,NO TRADE,,
2025-11-07T11:19:11.060Z,,SCALP NO TRADE,
2025-11-07T11:20:11.119Z,NO TRADE,,
2025-11-07T11:20:11.121Z,,SCALP NO TRADE,
2025-11-07T11:21:11.084Z,,SCALP NO TRADE,
2025-11-07T11:21:11.083Z,NO TRADE,,
2025-11-07T11:22:10.910Z,NO TRADE,,
2025-11-07T11:22:10.910Z,,SCALP NO TRADE,
2025-11-07T11:23:10.775Z,NO TRADE,,
2025-11-07T11:23:10.775Z,,SCALP NO TRADE,
2025-11-07T11:24:10.945Z,NO TRADE,,
2025-11-07T11:24:10.946Z,,SCALP NO TRADE,
2025-11-07T11:25:11.145Z,NO TRADE,,
2025-11-07T11:25:11.146Z,,SCALP NO TRADE,
2025-11-07T11:26:11.048Z,NO TRADE,,
2025-11-07T11:26:11.049Z,,SCALP NO TRADE,
2025-11-07T11:27:10.745Z,NO TRADE,,
2025-11-07T11:27:10.745Z,,SCALP NO TRADE,
2025-11-07T11:28:11.105Z,NO TRADE,,
2025-11-07T11:28:11.106Z,,SCALP NO TRADE,
2025-11-07T11:29:11.199Z,NO TRADE,,
2025-11-07T11:29:11.199Z,,SCALP NO TRADE,
2025-11-07T11:30:10.753Z,NO TRADE,,
2025-11-07T11:30:10.754Z,,SCALP NO TRADE,
2025-11-07T11:31:11.173Z,NO TRADE,,
2025-11-07T11:31:11.175Z,,SCALP NO TRADE,
2025-11-07T11:32:11.190Z,NO TRADE,,
2025-11-07T11:32:11.191Z,,SCALP NO TRADE,
2025-11-07T11:35:23.425Z,NO TRADE,,
2025-11-07T11:35:23.426Z,,SCALP NO TRADE,
2025-11-07T11:36:23.936Z,NO TRADE,,
2025-11-07T11:36:23.937Z,,SCALP NO TRADE,
2025-11-07T11:37:23.712Z,NO TRADE,,
2025-11-07T11:37:23.712Z,,SCALP NO TRADE,
2025-11-07T11:38:23.387Z,NO TRADE,,
2025-11-07T11:38:23.390Z,,SCALP NO TRADE,
2025-11-07T11:39:23.025Z,NO TRADE,,
2025-11-07T11:39:23.028Z,,SCALP NO TRADE,
2025-11-07T11:41:40.438Z,NO TRADE,,
2025-11-07T11:41:40.440Z,,SCALP NO TRADE,
2025-11-07T11:42:41.023Z,NO TRADE,,
2025-11-07T11:42:41.026Z,,SCALP NO TRADE,
2025-11-07T11:43:41.248Z,NO TRADE,,
2025-11-07T11:43:41.249Z,,SCALP NO TRADE,
2025-11-07T11:46:37.132Z,,SCALP NO TRADE,
2025-11-07T11:46:37.131Z,NO TRADE,,
2025-11-07T11:47:36.934Z,NO TRADE,,
2025-11-07T11:47:36.936Z,,SCALP NO TRADE,
2025-11-07T11:48:37.206Z,NO TRADE,,
2025-11-07T11:48:37.207Z,,SCALP NO TRADE,
2025-11-08T06:38:16.683Z,NO TRADE,,
2025-11-08T06:38:16.688Z,,SCALP NO TRADE,
2025-11-08T06:39:13.413Z,NO TRADE,,
2025-11-08T06:39:13.414Z,,SCALP NO TRADE,
2025-11-08T06:40:13.393Z,NO TRADE,,
2025-11-08T06:40:13.394Z,,SCALP NO TRADE,
2025-11-08T06:40:40.846Z,NO TRADE,,
2025-11-08T06:40:40.850Z,,SCALP NO TRADE,
2025-11-08T06:41:41.225Z,NO TRADE,,
2025-11-08T06:41:41.229Z,,SCALP NO TRADE,
2025-11-08T06:42:41.225Z,NO TRADE,,
2025-11-08T06:42:41.227Z,,SCALP NO TRADE,
2025-11-08T06:43:40.430Z,,SCALP NO TRADE,
2025-11-08T06:43:40.429Z,NO TRADE,,
2025-11-08T06:44:40.643Z,NO TRADE,,
2025-11-08T06:44:40.643Z,,SCALP NO TRADE,
2025-11-08T06:45:40.459Z,NO TRADE,,
2025-11-08T06:45:40.460Z,,SCALP NO TRADE,
2025-11-08T06:46:40.875Z,NO TRADE,,
2025-11-08T06:46:40.876Z,,SCALP NO TRADE,
2025-11-08T06:47:40.472Z,,SCALP NO TRADE,
2025-11-08T06:47:40.472Z,NO TRADE,,
2025-11-08T06:48:40.639Z,NO TRADE,,
2025-11-08T06:48:40.639Z,,SCALP NO TRADE,
2025-11-08T06:49:40.514Z,NO TRADE,,
2025-11-08T06:49:40.515Z,,SCALP NO TRADE,
2025-11-08T06:50:16.329Z,,SCALP NO TRADE,neutral
2025-11-08T06:50:16.328Z,NO TRADE,,neutral
2025-11-08T06:51:16.646Z,NO TRADE,,neutral
2025-11-08T06:51:16.651Z,,SCALP NO TRADE,neutral
2025-11-08T06:52:16.559Z,NO TRADE,,neutral
2025-11-08T06:52:16.562Z,,SCALP NO TRADE,neutral
2025-11-08T06:53:16.391Z,,SCALP NO TRADE,neutral
2025-11-08T06:53:16.387Z,NO TRADE,,neutral
2025-11-08T06:54:16.856Z,NO TRADE,,neutral
2025-11-08T06:54:16.860Z,,SCALP NO TRADE,neutral
2025-11-08T06:55:16.664Z,NO TRADE,,neutral
2025-11-08T06:55:16.669Z,,SCALP NO TRADE,neutral
2025-11-08T06:56:17.048Z,NO TRADE,,neutral
2025-11-08T06:56:17.050Z,,SCALP NO TRADE,neutral
2025-11-08T06:57:16.832Z,NO TRADE,,neutral
2025-11-08T06:57:16.833Z,,SCALP NO TRADE,neutral
2025-11-08T06:58:16.682Z,NO TRADE,,neutral
2025-11-08T06:58:16.686Z,,SCALP NO TRADE,neutral
2025-11-08T06:59:16.656Z,NO TRADE,,neutral
2025-11-08T06:59:16.657Z,,SCALP NO TRADE,neutral
2025-11-08T07:00:16.796Z,NO TRADE,,neutral
2025-11-08T07:00:16.799Z,,SCALP NO TRADE,neutral
2025-11-08T07:01:16.602Z,NO TRADE,,neutral
2025-11-08T07:01:16.603Z,,SCALP NO TRADE,neutral
2025-11-08T07:02:16.299Z,NO TRADE,,neutral
2025-11-08T07:02:16.300Z,,SCALP NO TRADE,neutral
2025-11-08T07:03:16.803Z,,SCALP NO TRADE,neutral
2025-11-08T07:03:16.803Z,NO TRADE,,neutral
2025-11-08T07:04:15.246Z,NO TRADE,,neutral
2025-11-08T07:04:15.248Z,,SCALP NO TRADE,neutral
2025-11-08T07:05:15.894Z,NO TRADE,,neutral
2025-11-08T07:05:15.896Z,,SCALP NO TRADE,neutral
2025-11-08T07:06:15.612Z,NO TRADE,,neutral
2025-11-08T07:06:15.616Z,,SCALP NO TRADE,neutral
2025-11-08T07:07:15.307Z,NO TRADE,,neutral
2025-11-08T07:07:15.311Z,,SCALP NO TRADE,neutral
2025-11-08T07:08:15.157Z,NO TRADE,,neutral
2025-11-08T07:08:15.159Z,,SCALP NO TRADE,neutral
2025-11-08T07:09:15.725Z,NO TRADE,,neutral
2025-11-08T07:09:15.727Z,,SCALP NO TRADE,neutral
2025-11-08T07:10:15.915Z,NO TRADE,,neutral
2025-11-08T07:10:15.916Z,,SCALP NO TRADE,neutral
2025-11-08T07:11:15.841Z,NO TRADE,,neutral
2025-11-08T07:11:15.842Z,,SCALP NO TRADE,neutral
2025-11-08T07:12:15.728Z,NO TRADE,,neutral
2025-11-08T07:12:15.731Z,,SCALP NO TRADE,neutral
2025-11-08T07:13:15.550Z,NO TRADE,,neutral
2025-11-08T07:13:15.551Z,,SCALP NO TRADE,neutral
2025-11-08T07:26:51.677Z,NO TRADE,,
2025-11-08T07:26:51.678Z,,SCALP NO TRADE,
2025-11-08T07:27:51.969Z,NO TRADE,,
2025-11-08T07:27:51.972Z,,SCALP NO TRADE,
2025-11-08T07:28:52.397Z,NO TRADE,,
2025-11-08T07:28:52.402Z,,SCALP NO TRADE,
2025-11-08T07:29:51.810Z,NO TRADE,,
2025-11-08T07:29:51.815Z,,SCALP NO TRADE,
2025-11-08T07:30:52.473Z,NO TRADE,,
2025-11-08T07:30:52.474Z,,SCALP NO TRADE,
2025-11-08T07:31:52.216Z,NO TRADE,,
2025-11-08T07:31:52.217Z,,SCALP NO TRADE,
2025-11-08T07:32:52.022Z,NO TRADE,,
2025-11-08T07:32:52.025Z,,SCALP NO TRADE,
2025-11-08T07:33:52.056Z,NO TRADE,,
2025-11-08T07:33:52.057Z,,SCALP NO TRADE,
2025-11-08T07:34:52.365Z,NO TRADE,,
2025-11-08T07:34:52.366Z,,SCALP NO TRADE,
2025-11-08T07:35:52.261Z,NO TRADE,,
2025-11-08T07:35:52.262Z,,SCALP NO TRADE,
2025-11-08T07:36:52.350Z,,SCALP NO TRADE,
2025-11-08T07:36:52.348Z,NO TRADE,,
2025-11-08T07:37:38.350Z,NO TRADE,,
2025-11-08T07:37:38.351Z,,SCALP NO TRADE,
2025-11-08T07:38:39.735Z,NO TRADE,,
2025-11-08T07:38:39.736Z,,SCALP NO TRADE,
2025-11-08T07:39:37.811Z,NO TRADE,,
2025-11-08T07:39:37.811Z,,SCALP NO TRADE,
2025-11-08T07:40:38.452Z,NO TRADE,,
2025-11-08T07:40:38.454Z,,SCALP NO TRADE,
2025-11-08T07:41:38.611Z,NO TRADE,,
2025-11-08T07:41:38.614Z,,SCALP NO TRADE,
2025-11-08T07:42:38.040Z,NO TRADE,,
2025-11-08T07:42:38.041Z,,SCALP NO TRADE,
2025-11-08T07:42:48.076Z,NO TRADE,,
2025-11-08T07:42:48.077Z,,SCALP NO TRADE,
2025-11-08T07:43:48.295Z,NO TRADE,,
2025-11-08T07:43:48.298Z,,SCALP NO TRADE,
2025-11-08T07:44:47.998Z,NO TRADE,,
2025-11-08T07:44:48.000Z,,SCALP NO TRADE,
2025-11-08T07:45:47.901Z,NO TRADE,,
2025-11-08T07:45:47.902Z,,SCALP NO TRADE,
2025-11-08T07:46:48.275Z,NO TRADE,,
2025-11-08T07:46:48.278Z,,SCALP NO TRADE,
2025-11-08T07:47:47.714Z,NO TRADE,,
2025-11-08T07:47:47.715Z,,SCALP NO TRADE,
2025-11-08T07:48:48.628Z,NO TRADE,,
2025-11-08T07:48:48.630Z,,SCALP NO TRADE,
2025-11-08T07:49:48.026Z,NO TRADE,,
2025-11-08T07:49:48.026Z,,SCALP NO TRADE,
2025-11-08T07:50:48.241Z,NO TRADE,,
2025-11-08T07:50:48.244Z,,SCALP NO TRADE,
2025-11-08T07:51:23.824Z,NO TRADE,,
2025-11-08T07:51:23.825Z,,SCALP NO TRADE,
2025-11-08T07:52:23.909Z,NO TRADE,,
2025-11-08T07:52:23.911Z,,SCALP NO TRADE,
2025-11-08T07:53:23.999Z,NO TRADE,,
2025-11-08T07:53:24.001Z,,SCALP NO TRADE,
2025-11-08T07:54:24.089Z,NO TRADE,,
2025-11-08T07:54:24.090Z,,SCALP NO TRADE,
2025-11-08T07:55:23.591Z,NO TRADE,,
2025-11-08T07:55:23.593Z,,SCALP NO TRADE,
2025-11-08T07:56:24.006Z,NO TRADE,,
2025-11-08T07:56:24.009Z,,SCALP NO TRADE,
2025-11-08T07:57:23.454Z,,SCALP NO TRADE,
2025-11-08T07:57:23.452Z,NO TRADE,,
2025-11-08T07:58:23.808Z,,SCALP NO TRADE,
2025-11-08T07:58:23.807Z,NO TRADE,,
2025-11-08T07:59:23.925Z,NO TRADE,,
2025-11-08T07:59:23.927Z,,SCALP NO TRADE,
2025-11-08T08:00:23.535Z,NO TRADE,,
2025-11-08T08:00:23.535Z,,SCALP NO TRADE,
2025-11-08T08:01:23.934Z,NO TRADE,,
2025-11-08T08:01:23.936Z,,SCALP NO TRADE,
2025-11-08T08:02:12.482Z,NO TRADE,,
2025-11-08T08:02:12.484Z,,SCALP NO TRADE,
2025-11-08T08:03:12.675Z,NO TRADE,,
2025-11-08T08:03:12.676Z,,SCALP NO TRADE,
2025-11-08T08:04:12.885Z,NO TRADE,,
2025-11-08T08:04:12.886Z,,SCALP NO TRADE,
2025-11-08T08:05:13.120Z,NO TRADE,,
2025-11-08T08:05:13.124Z,,SCALP NO TRADE,
2025-11-08T08:05:36.973Z,NO TRADE,,
2025-11-08T08:05:36.975Z,,SCALP NO TRADE,
2025-11-08T08:06:36.842Z,NO TRADE,,
2025-11-08T08:06:36.843Z,,SCALP NO TRADE,
2025-11-08T08:07:36.792Z,NO TRADE,,
2025-11-08T08:07:36.796Z,,SCALP NO TRADE,
2025-11-08T08:08:37.190Z,NO TRADE,,
2025-11-08T08:08:37.195Z,,SCALP NO TRADE,
2025-11-08T08:09:36.614Z,,SCALP NO TRADE,
2025-11-08T08:09:36.613Z,NO TRADE,,
2025-11-08T08:10:36.995Z,NO TRADE,,
2025-11-08T08:10:36.996Z,,SCALP NO TRADE,
2025-11-08T08:11:37.005Z,NO TRADE,,
2025-11-08T08:11:37.008Z,,SCALP NO TRADE,
2025-11-08T08:12:37.069Z,NO TRADE,,
2025-11-08T08:12:37.069Z,,SCALP NO TRADE,
2025-11-08T08:13:28.509Z,NO TRADE,SCALP NO TRADE,rsi-not-in-zone
2025-11-08T08:14:28.775Z,NO TRADE,SCALP NO TRADE,rsi-not-in-zone
2025-11-08T08:15:19.148Z,NO TRADE,,
2025-11-08T08:15:19.149Z,,SCALP NO TRADE,
2025-11-08T08:16:19.037Z,NO TRADE,,
2025-11-08T08:16:19.040Z,,SCALP NO TRADE,
2025-11-08T08:17:19.600Z,NO TRADE,,
2025-11-08T08:17:19.603Z,,SCALP NO TRADE,
2025-11-08T08:18:19.250Z,NO TRADE,,
2025-11-08T08:18:19.252Z,,SCALP NO TRADE,
2025-11-08T08:19:19.449Z,,SCALP NO TRADE,
2025-11-08T08:19:19.445Z,NO TRADE,,
2025-11-08T08:20:19.346Z,NO TRADE,,
2025-11-08T08:20:19.348Z,,SCALP NO TRADE,
2025-11-08T08:21:19.111Z,NO TRADE,,
2025-11-08T08:21:19.114Z,,SCALP NO TRADE,
2025-11-08T08:22:19.860Z,NO TRADE,,
2025-11-08T08:22:19.862Z,,SCALP NO TRADE,
2025-11-08T08:23:19.309Z,NO TRADE,,
2025-11-08T08:23:19.309Z,,SCALP NO TRADE,
2025-11-08T08:24:19.062Z,NO TRADE,,
2025-11-08T08:24:19.063Z,,SCALP NO TRADE,
2025-11-08T08:25:19.684Z,NO TRADE,,
2025-11-08T08:25:19.687Z,,SCALP NO TRADE,
2025-11-08T08:26:19.583Z,NO TRADE,,
2025-11-08T08:26:19.585Z,,SCALP NO TRADE,
2025-11-08T08:27:19.560Z,NO TRADE,,
2025-11-08T08:27:19.561Z,,SCALP NO TRADE,
2025-11-08T08:28:19.261Z,NO TRADE,,
2025-11-08T08:28:19.262Z,,SCALP NO TRADE,
2025-11-08T08:29:19.240Z,NO TRADE,,
2025-11-08T08:29:19.244Z,,SCALP NO TRADE,
2025-11-08T08:30:19.516Z,NO TRADE,,
2025-11-08T08:30:19.517Z,,SCALP NO TRADE,
2025-11-08T08:31:19.722Z,NO TRADE,,
2025-11-08T08:31:19.723Z,,SCALP NO TRADE,
2025-11-08T11:13:22.687Z,ETHUSD,NO TRADE,SCALP NO TRADE,not-in-zone
2025-11-08T11:13:22.887Z,BTCUSD,NO TRADE,SCALP NO TRADE,not-in-zone
2025-11-08T11:13:37.705Z,ETHUSD,NO TRADE,SCALP NO TRADE,not-in-zone
2025-11-08T11:13:37.844Z,BTCUSD,NO TRADE,SCALP NO TRADE,not-in-zone
2025-11-08T11:13:52.354Z,ETHUSD,NO TRADE,SCALP NO TRADE,not-in-zone
2025-11-08T11:13:52.863Z,BTCUSD,NO TRADE,SCALP NO TRADE,not-in-zone
2025-11-08T11:14:08.042Z,BTCUSD,NO TRADE,SCALP NO TRADE,not-in-zone
2025-11-08T11:14:08.074Z,ETHUSD,NO TRADE,SCALP NO TRADE,not-in-zone
2025-11-08T11:14:22.754Z,BTCUSD,NO TRADE,SCALP NO TRADE,not-in-zone
2025-11-08T11:14:22.833Z,ETHUSD,NO TRADE,SCALP NO TRADE,not-in-zone
2025-11-08T11:14:37.731Z,BTCUSD,NO TRADE,SCALP NO TRADE,not-in-zone
2025-11-08T11:14:37.852Z,ETHUSD,NO TRADE,SCALP NO TRADE,not-in-zone
2025-11-08T11:14:52.875Z,ETHUSD,NO TRADE,SCALP NO TRADE,not-in-zone
2025-11-08T11:14:52.927Z,BTCUSD,NO TRADE,SCALP NO TRADE,not-in-zone
2025-11-08T11:15:07.937Z,ETHUSD,NO TRADE,SCALP NO TRADE,not-in-zone
2025-11-08T11:15:07.951Z,BTCUSD,NO TRADE,SCALP NO TRADE,not-in-zone
2025-11-08T11:15:22.904Z,ETHUSD,NO TRADE,SCALP NO TRADE,not-in-zone
2025-11-08T11:15:22.958Z,BTCUSD,NO TRADE,SCALP NO TRADE,not-in-zone
2025-11-08T11:15:37.915Z,BTCUSD,NO TRADE,SCALP NO TRADE,not-in-zone
2025-11-08T11:15:37.928Z,ETHUSD,NO TRADE,SCALP NO TRADE,not-in-zone
2025-11-08T11:15:52.894Z,ETHUSD,NO TRADE,SCALP NO TRADE,not-in-zone
2025-11-08T11:15:53.366Z,BTCUSD,NO TRADE,SCALP NO TRADE,not-in-zone
2025-11-08T11:16:09.402Z,ETHUSD,NO TRADE,SCALP NO TRADE,not-in-zone
2025-11-08T11:16:09.622Z,BTCUSD,NO TRADE,SCALP NO TRADE,not-in-zone
2025-11-08T11:16:24.255Z,ETHUSD,NO TRADE,SCALP NO TRADE,not-in-zone
2025-11-08T11:16:24.339Z,BTCUSD,NO TRADE,SCALP NO TRADE,not-in-zone
2025-11-08T11:16:38.825Z,ETHUSD,NO TRADE,SCALP NO TRADE,not-in-zone
2025-11-08T11:16:39.212Z,BTCUSD,NO TRADE,SCALP NO TRADE,not-in-zone
2025-11-08T11:16:54.323Z,BTCUSD,NO TRADE,SCALP NO TRADE,not-in-zone
2025-11-08T11:16:54.379Z,ETHUSD,NO TRADE,SCALP NO TRADE,not-in-zone
2025-11-08T11:17:09.364Z,BTCUSD,NO TRADE,SCALP NO TRADE,not-in-zone
2025-11-08T11:17:09.479Z,ETHUSD,NO TRADE,SCALP NO TRADE,not-in-zone
2025-11-08T11:17:24.210Z,BTCUSD,NO TRADE,SCALP NO TRADE,not-in-zone
2025-11-08T11:17:24.243Z,ETHUSD,NO TRADE,SCALP NO TRADE,not-in-zone
2025-11-08T11:17:39.239Z,BTCUSD,NO TRADE,SCALP NO TRADE,not-in-zone
2025-11-08T11:17:39.388Z,ETHUSD,NO TRADE,SCALP NO TRADE,not-in-zone
2025-11-08T11:17:53.883Z,BTCUSD,NO TRADE,SCALP NO TRADE,not-in-zone
2025-11-08T11:17:54.392Z,ETHUSD,NO TRADE,SCALP NO TRADE,not-in-zone
2025-11-08T11:18:09.337Z,ETHUSD,NO TRADE,SCALP NO TRADE,not-in-zone
2025-11-08T11:18:09.342Z,BTCUSD,NO TRADE,SCALP NO TRADE,not-in-zone
2025-11-08T11:18:23.924Z,ETHUSD,NO TRADE,SCALP NO TRADE,not-in-zone
2025-11-08T11:18:24.379Z,BTCUSD,NO TRADE,SCALP NO TRADE,not-in-zone
2025-11-08T11:18:39.294Z,BTCUSD,NO TRADE,SCALP NO TRADE,not-in-zone
2025-11-08T11:18:39.303Z,ETHUSD,NO TRADE,SCALP NO TRADE,not-in-zone
2025-11-08T11:18:54.359Z,BTCUSD,NO TRADE,SCALP NO TRADE,not-in-zone
2025-11-08T11:18:54.404Z,ETHUSD,NO TRADE,SCALP NO TRADE,not-in-zone
2025-11-08T11:19:09.076Z,BTCUSD,NO TRADE,SCALP NO TRADE,not-in-zone
2025-11-08T11:19:09.467Z,ETHUSD,NO TRADE,SCALP NO TRADE,not-in-zone
2025-11-08T11:19:24.308Z,BTCUSD,NO TRADE,SCALP NO TRADE,not-in-zone
2025-11-08T11:19:24.313Z,ETHUSD,NO TRADE,SCALP NO TRADE,not-in-zone
2025-11-08T11:19:39.086Z,ETHUSD,NO TRADE,SCALP NO TRADE,not-in-zone
2025-11-08T11:19:39.329Z,BTCUSD,NO TRADE,SCALP NO TRADE,not-in-zone
2025-11-08T11:19:53.902Z,ETHUSD,NO TRADE,SCALP NO TRADE,not-in-zone
2025-11-08T11:19:54.253Z,BTCUSD,NO TRADE,SCALP NO TRADE,not-in-zone
2025-11-08T11:20:09.528Z,ETHUSD,NO TRADE,SCALP NO TRADE,not-in-zone
2025-11-08T11:20:09.563Z,BTCUSD,NO TRADE,SCALP NO TRADE,not-in-zone
2025-11-08T11:20:24.058Z,BTCUSD,NO TRADE,SCALP NO TRADE,not-in-zone
2025-11-08T11:20:24.374Z,ETHUSD,NO TRADE,SCALP NO TRADE,not-in-zone
2025-11-08T11:20:39.340Z,ETHUSD,NO TRADE,SCALP NO TRADE,not-in-zone
2025-11-08T11:20:39.513Z,BTCUSD,NO TRADE,SCALP NO TRADE,not-in-zone
2025-11-08T11:20:54.344Z,ETHUSD,NO TRADE,SCALP NO TRADE,not-in-zone
2025-11-08T11:20:54.471Z,BTCUSD,NO TRADE,SCALP NO TRADE,not-in-zone
2025-11-08T11:21:09.122Z,BTCUSD,NO TRADE,SCALP NO TRADE,not-in-zone
2025-11-08T11:21:09.583Z,ETHUSD,NO TRADE,SCALP NO TRADE,not-in-zone
2025-11-08T11:21:24.328Z,BTCUSD,NO TRADE,SCALP NO TRADE,not-in-zone
2025-11-08T11:21:24.476Z,ETHUSD,NO TRADE,SCALP NO TRADE,not-in-zone
2025-11-08T11:21:39.548Z,BTCUSD,NO TRADE,SCALP NO TRADE,not-in-zone
2025-11-08T11:21:39.598Z,ETHUSD,NO TRADE,SCALP NO TRADE,not-in-zone
2025-11-08T11:21:54.381Z,BTCUSD,NO TRADE,SCALP NO TRADE,not-in-zone
2025-11-08T11:21:54.414Z,ETHUSD,NO TRADE,SCALP NO TRADE,not-in-zone
2025-11-08T11:22:09.193Z,ETHUSD,NO TRADE,SCALP NO TRADE,not-in-zone
2025-11-08T11:22:09.201Z,BTCUSD,NO TRADE,SCALP NO TRADE,not-in-zone
2025-11-08T11:22:23.993Z,BTCUSD,NO TRADE,SCALP NO TRADE,not-in-zone
2025-11-08T11:22:24.499Z,ETHUSD,NO TRADE,SCALP NO TRADE,not-in-zone
2025-11-08T11:22:39.396Z,BTCUSD,NO TRADE,SCALP NO TRADE,not-in-zone
2025-11-08T11:22:39.424Z,ETHUSD,NO TRADE,SCALP NO TRADE,not-in-zone
2025-11-08T11:22:54.382Z,ETHUSD,NO TRADE,SCALP NO TRADE,not-in-zone
2025-11-08T11:22:54.506Z,BTCUSD,NO TRADE,SCALP NO TRADE,not-in-zone
2025-11-08T11:23:09.455Z,BTCUSD,NO TRADE,SCALP NO TRADE,not-in-zone
2025-11-08T11:23:09.519Z,ETHUSD,NO TRADE,SCALP NO TRADE,not-in-zone
2025-11-08T11:23:24.011Z,BTCUSD,NO TRADE,SCALP NO TRADE,not-in-zone
2025-11-08T11:23:24.382Z,ETHUSD,NO TRADE,SCALP NO TRADE,not-in-zone
2025-11-08T11:23:39.551Z,BTCUSD,NO TRADE,SCALP NO TRADE,not-in-zone
2025-11-08T11:23:39.557Z,ETHUSD,NO TRADE,SCALP NO TRADE,not-in-zone
2025-11-08T11:23:54.432Z,ETHUSD,NO TRADE,SCALP NO TRADE,not-in-zone
2025-11-08T11:23:54.568Z,BTCUSD,NO TRADE,SCALP NO TRADE,not-in-zone
2025-11-08T11:24:09.231Z,BTCUSD,NO TRADE,SCALP NO TRADE,not-in-zone
2025-11-08T11:24:09.593Z,ETHUSD,NO TRADE,SCALP NO TRADE,not-in-zone
2025-11-08T11:24:24.447Z,ETHUSD,NO TRADE,SCALP NO TRADE,not-in-zone
2025-11-08T11:24:24.537Z,BTCUSD,NO TRADE,SCALP NO TRADE,not-in-zone
2025-11-08T11:24:39.576Z,ETHUSD,NO TRADE,SCALP NO TRADE,not-in-zone
2025-11-08T11:24:39.600Z,BTCUSD,NO TRADE,SCALP NO TRADE,not-in-zone
2025-11-08T11:24:54.202Z,ETHUSD,NO TRADE,SCALP NO TRADE,not-in-zone
2025-11-08T11:24:54.626Z,BTCUSD,NO TRADE,SCALP NO TRADE,not-in-zone
2025-11-08T11:25:09.644Z,ETHUSD,NO TRADE,SCALP NO TRADE,not-in-zone
2025-11-08T11:25:09.690Z,BTCUSD,NO TRADE,SCALP NO TRADE,not-in-zone
2025-11-08T11:25:24.539Z,ETHUSD,NO TRADE,SCALP NO TRADE,not-in-zone
2025-11-08T11:25:24.620Z,BTCUSD,NO TRADE,SCALP NO TRADE,not-in-zone
2025-11-08T11:25:39.087Z,BTCUSD,NO TRADE,SCALP NO TRADE,not-in-zone
2025-11-08T11:25:39.212Z,ETHUSD,NO TRADE,SCALP NO TRADE,not-in-zone
2025-11-08T11:25:54.627Z,ETHUSD,NO TRADE,SCALP NO TRADE,not-in-zone
2025-11-08T11:25:54.637Z,BTCUSD,NO TRADE,SCALP NO TRADE,not-in-zone
2025-11-08T11:26:09.633Z,BTCUSD,NO TRADE,SCALP NO TRADE,not-in-zone
2025-11-08T11:26:09.760Z,ETHUSD,NO TRADE,SCALP NO TRADE,not-in-zone
2025-11-08T11:26:24.512Z,BTCUSD,NO TRADE,SCALP NO TRADE,not-in-zone
2025-11-08T11:26:24.540Z,ETHUSD,NO TRADE,SCALP NO TRADE,not-in-zone
2025-11-08T11:26:39.678Z,ETHUSD,NO TRADE,SCALP NO TRADE,not-in-zone
2025-11-08T11:26:39.682Z,BTCUSD,NO TRADE,SCALP NO TRADE,not-in-zone
2025-11-08T11:26:54.175Z,BTCUSD,NO TRADE,SCALP NO TRADE,not-in-zone
2025-11-08T11:26:54.574Z,ETHUSD,NO TRADE,SCALP NO TRADE,not-in-zone
2025-11-08T11:27:09.742Z,BTCUSD,NO TRADE,SCALP NO TRADE,not-in-zone
2025-11-08T11:27:09.783Z,ETHUSD,NO TRADE,SCALP NO TRADE,not-in-zone
2025-11-08T11:27:24.556Z,BTCUSD,NO TRADE,SCALP NO TRADE,not-in-zone
2025-11-08T11:27:24.582Z,ETHUSD,NO TRADE,SCALP NO TRADE,not-in-zone
2025-11-08T11:27:39.584Z,ETHUSD,NO TRADE,SCALP NO TRADE,not-in-zone
2025-11-08T11:27:39.678Z,BTCUSD,NO TRADE,SCALP NO TRADE,not-in-zone
2025-11-08T11:27:54.181Z,BTCUSD,NO TRADE,SCALP NO TRADE,not-in-zone
2025-11-08T11:27:54.613Z,ETHUSD,NO TRADE,SCALP NO TRADE,not-in-zone
2025-11-08T11:28:09.646Z,BTCUSD,NO TRADE,SCALP NO TRADE,not-in-zone
2025-11-08T11:28:09.667Z,ETHUSD,NO TRADE,SCALP NO TRADE,not-in-zone
2025-11-08T11:28:24.726Z,BTCUSD,NO TRADE,SCALP NO TRADE,not-in-zone
2025-11-08T11:28:24.817Z,ETHUSD,NO TRADE,SCALP NO TRADE,not-in-zone
2025-11-08T11:28:39.714Z,BTCUSD,NO TRADE,SCALP NO TRADE,not-in-zone
2025-11-08T11:28:39.766Z,ETHUSD,NO TRADE,SCALP NO TRADE,not-in-zone
2025-11-08T11:28:54.650Z,ETHUSD,NO TRADE,SCALP NO TRADE,not-in-zone
2025-11-08T11:28:54.777Z,BTCUSD,NO TRADE,SCALP NO TRADE,not-in-zone
2025-11-08T11:29:09.703Z,ETHUSD,NO TRADE,SCALP NO TRADE,not-in-zone
2025-11-08T11:29:09.710Z,BTCUSD,NO TRADE,SCALP NO TRADE,not-in-zone
2025-11-08T11:29:24.243Z,ETHUSD,NO TRADE,SCALP NO TRADE,not-in-zone
2025-11-08T11:29:24.603Z,BTCUSD,NO TRADE,SCALP NO TRADE,not-in-zone
2025-11-08T11:29:39.649Z,ETHUSD,NO TRADE,SCALP NO TRADE,not-in-zone
2025-11-08T11:29:39.780Z,BTCUSD,NO TRADE,SCALP NO TRADE,not-in-zone
2025-11-08T11:29:54.672Z,ETHUSD,NO TRADE,SCALP NO TRADE,not-in-zone
2025-11-08T11:29:54.700Z,BTCUSD,NO TRADE,SCALP NO TRADE,not-in-zone
2025-11-08T11:30:09.883Z,BTCUSD,NO TRADE,SCALP NO TRADE,not-in-zone
2025-11-08T11:30:10.049Z,ETHUSD,NO TRADE,SCALP NO TRADE,not-in-zone
2025-11-08T11:30:24.720Z,BTCUSD,NO TRADE,SCALP NO TRADE,not-in-zone
2025-11-08T11:30:24.754Z,ETHUSD,NO TRADE,SCALP NO TRADE,not-in-zone
2025-11-08T11:30:39.712Z,ETHUSD,NO TRADE,SCALP NO TRADE,not-in-zone
2025-11-08T11:30:39.877Z,BTCUSD,NO TRADE,SCALP NO TRADE,not-in-zone
2025-11-08T11:30:54.648Z,BTCUSD,NO TRADE,SCALP NO TRADE,not-in-zone
2025-11-08T11:30:54.807Z,ETHUSD,NO TRADE,SCALP NO TRADE,not-in-zone
2025-11-08T11:31:09.913Z,ETHUSD,NO TRADE,SCALP NO TRADE,not-in-zone
2025-11-08T11:31:09.921Z,BTCUSD,NO TRADE,SCALP NO TRADE,not-in-zone
2025-11-08T11:31:24.820Z,BTCUSD,NO TRADE,SCALP NO TRADE,not-in-zone
2025-11-08T11:31:24.863Z,ETHUSD,NO TRADE,SCALP NO TRADE,not-in-zone
2025-11-08T11:31:39.702Z,ETHUSD,NO TRADE,SCALP NO TRADE,not-in-zone
2025-11-08T11:31:39.885Z,BTCUSD,NO TRADE,SCALP NO TRADE,not-in-zone
2025-11-08T11:31:54.717Z,ETHUSD,NO TRADE,SCALP NO TRADE,not-in-zone
2025-11-08T11:31:54.757Z,BTCUSD,NO TRADE,SCALP NO TRADE,not-in-zone
2025-11-08T11:32:09.823Z,BTCUSD,NO TRADE,SCALP NO TRADE,not-in-zone
2025-11-08T11:32:09.929Z,ETHUSD,NO TRADE,SCALP NO TRADE,not-in-zone
2025-11-08T11:32:24.699Z,ETHUSD,NO TRADE,SCALP NO TRADE,not-in-zone
2025-11-08T11:32:25.006Z,BTCUSD,NO TRADE,SCALP NO TRADE,not-in-zone
2025-11-08T11:32:39.418Z,ETHUSD,NO TRADE,SCALP NO TRADE,not-in-zone
2025-11-08T11:32:39.784Z,BTCUSD,NO TRADE,SCALP NO TRADE,not-in-zone
2025-11-08T11:32:54.717Z,ETHUSD,NO TRADE,SCALP NO TRADE,not-in-zone
2025-11-08T11:32:54.872Z,BTCUSD,NO TRADE,SCALP NO TRADE,not-in-zone
2025-11-08T11:33:09.585Z,BTCUSD,NO TRADE,SCALP NO TRADE,not-in-zone
2025-11-08T11:33:09.708Z,ETHUSD,NO TRADE,SCALP NO TRADE,not-in-zone
2025-11-08T11:33:24.401Z,BTCUSD,NO TRADE,SCALP NO TRADE,not-in-zone
2025-11-08T11:33:24.959Z,ETHUSD,NO TRADE,SCALP NO TRADE,not-in-zone
2025-11-08T11:33:39.390Z,ETHUSD,NO TRADE,SCALP NO TRADE,not-in-zone
2025-11-08T11:33:39.877Z,BTCUSD,NO TRADE,SCALP NO TRADE,not-in-zone
2025-11-08T11:33:54.812Z,ETHUSD,NO TRADE,SCALP NO TRADE,not-in-zone
2025-11-08T11:33:54.942Z,BTCUSD,NO TRADE,SCALP NO TRADE,not-in-zone
2025-11-08T11:34:09.466Z,BTCUSD,NO TRADE,SCALP NO TRADE,not-in-zone
2025-11-08T11:34:09.841Z,ETHUSD,NO TRADE,SCALP NO TRADE,not-in-zone
2025-11-08T11:34:24.922Z,BTCUSD,NO TRADE,SCALP NO TRADE,not-in-zone
2025-11-08T11:34:24.961Z,ETHUSD,NO TRADE,SCALP NO TRADE,not-in-zone
2025-11-08T11:34:39.782Z,BTCUSD,NO TRADE,SCALP NO TRADE,not-in-zone
2025-11-08T11:34:39.787Z,ETHUSD,NO TRADE,SCALP NO TRADE,not-in-zone
2025-11-08T11:34:54.690Z,BTCUSD,NO TRADE,SCALP NO TRADE,not-in-zone
2025-11-08T11:34:55.260Z,ETHUSD,NO TRADE,SCALP NO TRADE,not-in-zone
2025-11-08T11:35:09.984Z,BTCUSD,NO TRADE,SCALP NO TRADE,not-in-zone
2025-11-08T11:35:10.016Z,ETHUSD,NO TRADE,SCALP NO TRADE,not-in-zone
2025-11-08T11:35:24.833Z,BTCUSD,NO TRADE,SCALP NO TRADE,not-in-zone
2025-11-08T11:35:24.970Z,ETHUSD,NO TRADE,SCALP NO TRADE,not-in-zone
2025-11-08T11:35:39.956Z,ETHUSD,NO TRADE,SCALP NO TRADE,not-in-zone
2025-11-08T11:35:39.985Z,BTCUSD,NO TRADE,SCALP NO TRADE,not-in-zone
2025-11-08T11:35:54.816Z,BTCUSD,NO TRADE,SCALP NO TRADE,not-in-zone
2025-11-08T11:35:54.947Z,ETHUSD,NO TRADE,SCALP NO TRADE,not-in-zone
2025-11-08T11:36:10.041Z,BTCUSD,NO TRADE,SCALP NO TRADE,not-in-zone
2025-11-08T11:36:10.063Z,ETHUSD,NO TRADE,SCALP NO TRADE,not-in-zone
2025-11-08T11:36:24.881Z,BTCUSD,NO TRADE,SCALP NO TRADE,not-in-zone
2025-11-08T11:36:25.017Z,ETHUSD,NO TRADE,SCALP NO TRADE,not-in-zone
2025-11-08T11:36:39.859Z,BTCUSD,NO TRADE,SCALP NO TRADE,not-in-zone
2025-11-08T11:36:40.043Z,ETHUSD,NO TRADE,SCALP NO TRADE,not-in-zone
2025-11-08T11:36:54.975Z,ETHUSD,NO TRADE,SCALP NO TRADE,not-in-zone
2025-11-08T11:36:54.981Z,BTCUSD,NO TRADE,SCALP NO TRADE,not-in-zone
2025-11-08T11:37:10.082Z,ETHUSD,NO TRADE,SCALP NO TRADE,not-in-zone
2025-11-08T11:37:10.244Z,BTCUSD,NO TRADE,SCALP NO TRADE,not-in-zone
2025-11-08T11:37:24.924Z,ETHUSD,NO TRADE,SCALP NO TRADE,not-in-zone
2025-11-08T11:37:25.145Z,BTCUSD,NO TRADE,SCALP NO TRADE,not-in-zone
2025-11-08T11:37:40.002Z,ETHUSD,NO TRADE,SCALP NO TRADE,not-in-zone
2025-11-08T11:37:40.039Z,BTCUSD,NO TRADE,SCALP NO TRADE,not-in-zone
2025-11-08T11:37:54.493Z,BTCUSD,NO TRADE,SCALP NO TRADE,not-in-zone
2025-11-08T11:37:54.988Z,ETHUSD,NO TRADE,SCALP NO TRADE,not-in-zone
2025-11-08T11:38:09.986Z,BTCUSD,NO TRADE,SCALP NO TRADE,not-in-zone
2025-11-08T11:38:10.091Z,ETHUSD,NO TRADE,SCALP NO TRADE,not-in-zone
2025-11-08T11:38:24.643Z,ETHUSD,NO TRADE,SCALP NO TRADE,not-in-zone
2025-11-08T11:38:25.014Z,BTCUSD,NO TRADE,SCALP NO TRADE,not-in-zone
2025-11-08T11:38:39.908Z,BTCUSD,NO TRADE,SCALP NO TRADE,not-in-zone
2025-11-08T11:38:39.931Z,ETHUSD,NO TRADE,SCALP NO TRADE,not-in-zone
2025-11-08T11:38:54.899Z,ETHUSD,NO TRADE,SCALP NO TRADE,not-in-zone
2025-11-08T11:38:55.022Z,BTCUSD,NO TRADE,SCALP NO TRADE,not-in-zone
2025-11-08T11:39:10.015Z,ETHUSD,NO TRADE,SCALP NO TRADE,not-in-zone
2025-11-08T11:39:10.069Z,BTCUSD,NO TRADE,SCALP NO TRADE,not-in-zone
2025-11-08T11:39:25.039Z,BTCUSD,NO TRADE,SCALP NO TRADE,not-in-zone
2025-11-08T11:39:25.104Z,ETHUSD,NO TRADE,SCALP NO TRADE,not-in-zone
2025-11-08T11:39:39.980Z,ETHUSD,NO TRADE,SCALP NO TRADE,not-in-zone
2025-11-08T11:39:40.163Z,BTCUSD,NO TRADE,SCALP NO TRADE,not-in-zone
2025-11-08T11:39:54.557Z,BTCUSD,NO TRADE,SCALP NO TRADE,not-in-zone
2025-11-08T11:39:54.937Z,ETHUSD,NO TRADE,SCALP NO TRADE,not-in-zone
2025-11-08T11:40:10.144Z,BTCUSD,NO TRADE,SCALP NO TRADE,not-in-zone
2025-11-08T11:40:10.147Z,ETHUSD,NO TRADE,SCALP NO TRADE,not-in-zone
2025-11-08T12:19:22.454Z,ETHUSD,NO TRADE,-,trend-neutral
2025-11-08T12:19:22.581Z,BTCUSD,NO TRADE,-,rsi-not-in-zone
2025-11-08T12:19:37.590Z,BTCUSD,NO TRADE,-,rsi-not-in-zone
2025-11-08T12:19:37.720Z,ETHUSD,NO TRADE,-,trend-neutral
2025-11-08T12:19:52.599Z,ETHUSD,NO TRADE,-,trend-neutral
2025-11-08T12:19:52.624Z,BTCUSD,NO TRADE,-,rsi-not-in-zone
2025-11-08T12:20:07.463Z,BTCUSD,NO TRADE,-,rsi-not-in-zone
2025-11-08T12:20:07.595Z,ETHUSD,NO TRADE,-,trend-neutral
2025-11-08T12:20:22.606Z,ETHUSD,NO TRADE,-,trend-neutral
2025-11-08T12:20:22.620Z,BTCUSD,NO TRADE,-,rsi-not-in-zone
2025-11-08T12:20:37.746Z,ETHUSD,NO TRADE,-,trend-neutral
2025-11-08T12:20:37.764Z,BTCUSD,NO TRADE,-,rsi-not-in-zone
2025-11-08T12:20:52.220Z,BTCUSD,NO TRADE,-,rsi-not-in-zone
2025-11-08T12:20:52.351Z,ETHUSD,NO TRADE,-,trend-neutral
2025-11-08T12:21:07.161Z,BTCUSD,NO TRADE,-,rsi-not-in-zone
2025-11-08T12:21:07.723Z,ETHUSD,NO TRADE,-,trend-neutral
2025-11-08T12:21:22.558Z,ETHUSD,NO TRADE,-,trend-neutral
2025-11-08T12:21:22.667Z,BTCUSD,NO TRADE,-,rsi-not-in-zone
2025-11-08T12:21:37.780Z,ETHUSD,NO TRADE,-,trend-neutral
2025-11-08T12:21:37.801Z,BTCUSD,NO TRADE,-,rsi-not-in-zone
2025-11-08T12:21:52.672Z,BTCUSD,NO TRADE,-,rsi-not-in-zone
2025-11-08T12:21:52.752Z,ETHUSD,NO TRADE,-,trend-neutral
2025-11-08T12:22:07.565Z,BTCUSD,NO TRADE,-,rsi-not-in-zone
2025-11-08T12:22:07.596Z,ETHUSD,NO TRADE,-,trend-neutral
2025-11-08T12:22:22.547Z,BTCUSD,NO TRADE,-,rsi-not-in-zone
2025-11-08T12:22:22.569Z,ETHUSD,NO TRADE,-,trend-neutral
2025-11-08T12:22:37.615Z,BTCUSD,NO TRADE,-,rsi-not-in-zone
2025-11-08T12:22:37.754Z,ETHUSD,NO TRADE,-,trend-neutral
2025-11-08T12:22:52.865Z,BTCUSD,NO TRADE,-,rsi-not-in-zone
2025-11-08T12:22:52.870Z,ETHUSD,NO TRADE,-,trend-neutral
2025-11-08T12:23:07.608Z,BTCUSD,NO TRADE,-,rsi-not-in-zone
2025-11-08T12:23:07.739Z,ETHUSD,NO TRADE,-,trend-neutral
2025-11-08T12:23:22.200Z,BTCUSD,NO TRADE,-,rsi-not-in-zone
2025-11-08T12:23:22.748Z,ETHUSD,NO TRADE,-,trend-neutral
2025-11-08T12:23:37.797Z,BTCUSD,NO TRADE,-,rsi-not-in-zone
2025-11-08T12:23:37.815Z,ETHUSD,NO TRADE,-,trend-neutral
2025-11-08T12:23:52.617Z,BTCUSD,NO TRADE,-,rsi-not-in-zone
2025-11-08T12:23:52.686Z,ETHUSD,NO TRADE,-,trend-neutral
2025-11-08T12:24:07.444Z,ETHUSD,NO TRADE,-,trend-neutral
2025-11-08T12:24:07.725Z,BTCUSD,NO TRADE,-,rsi-not-in-zone
2025-11-08T12:24:22.703Z,BTCUSD,NO TRADE,-,rsi-not-in-zone
2025-11-08T12:24:22.767Z,ETHUSD,NO TRADE,-,trend-neutral
2025-11-08T12:24:37.716Z,ETHUSD,NO TRADE,-,trend-neutral
2025-11-08T12:24:37.859Z,BTCUSD,NO TRADE,-,rsi-not-in-zone
2025-11-08T12:24:52.532Z,BTCUSD,NO TRADE,-,rsi-not-in-zone
2025-11-08T12:24:52.798Z,ETHUSD,NO TRADE,-,trend-neutral
2025-11-08T12:25:07.815Z,ETHUSD,NO TRADE,-,trend-neutral
2025-11-08T12:25:07.852Z,BTCUSD,NO TRADE,-,rsi-not-in-zone
2025-11-08T12:25:22.751Z,ETHUSD,NO TRADE,-,trend-neutral
2025-11-08T12:25:22.878Z,BTCUSD,NO TRADE,-,rsi-not-in-zone
2025-11-08T12:25:37.809Z,ETHUSD,NO TRADE,-,trend-neutral
2025-11-08T12:25:37.814Z,BTCUSD,NO TRADE,-,rsi-not-in-zone
2025-11-08T12:25:52.805Z,ETHUSD,NO TRADE,-,trend-neutral
2025-11-08T12:25:52.902Z,BTCUSD,NO TRADE,-,rsi-not-in-zone
2025-11-08T12:26:07.695Z,ETHUSD,NO TRADE,-,trend-neutral
2025-11-08T12:26:07.748Z,BTCUSD,NO TRADE,-,rsi-not-in-zone
2025-11-08T12:26:22.762Z,ETHUSD,NO TRADE,-,trend-neutral
2025-11-08T12:26:22.990Z,BTCUSD,NO TRADE,-,rsi-not-in-zone
2025-11-08T12:26:37.325Z,BTCUSD,NO TRADE,-,rsi-not-in-zone
2025-11-08T12:26:37.677Z,ETHUSD,NO TRADE,-,trend-neutral
2025-11-08T12:26:52.817Z,BTCUSD,NO TRADE,-,rsi-not-in-zone
2025-11-08T12:26:52.836Z,ETHUSD,NO TRADE,-,trend-neutral
2025-11-08T12:27:07.695Z,BTCUSD,NO TRADE,-,rsi-not-in-zone
2025-11-08T12:27:07.810Z,ETHUSD,NO TRADE,-,trend-neutral
2025-11-08T12:27:22.904Z,ETHUSD,NO TRADE,-,trend-neutral
2025-11-08T12:27:22.943Z,BTCUSD,NO TRADE,-,rsi-not-in-zone
2025-11-08T12:27:37.797Z,BTCUSD,NO TRADE,-,rsi-not-in-zone
2025-11-08T12:27:37.979Z,ETHUSD,NO TRADE,-,trend-neutral
2025-11-08T12:27:52.806Z,ETHUSD,NO TRADE,-,trend-neutral
2025-11-08T12:27:52.826Z,BTCUSD,NO TRADE,-,rsi-not-in-zone
2025-11-08T12:28:07.877Z,ETHUSD,NO TRADE,-,trend-neutral
2025-11-08T12:28:07.901Z,BTCUSD,NO TRADE,-,rsi-not-in-zone
2025-11-08T12:28:22.724Z,BTCUSD,NO TRADE,-,rsi-not-in-zone
2025-11-08T12:28:22.887Z,ETHUSD,NO TRADE,-,trend-neutral
2025-11-08T12:28:38.002Z,ETHUSD,NO TRADE,-,trend-neutral
2025-11-08T12:28:38.062Z,BTCUSD,NO TRADE,-,rsi-not-in-zone
2025-11-08T12:28:49.684Z,BTCUSD,NO TRADE,SCALP NO TRADE,rsi-not-in-zone
2025-11-08T12:28:49.797Z,ETHUSD,NO TRADE,SCALP NO TRADE,trend-neutral
2025-11-08T12:29:04.764Z,BTCUSD,NO TRADE,SCALP NO TRADE,rsi-not-in-zone
2025-11-08T12:29:04.830Z,ETHUSD,NO TRADE,SCALP NO TRADE,trend-neutral
2025-11-08T12:29:19.723Z,ETHUSD,NO TRADE,SCALP NO TRADE,trend-neutral
2025-11-08T12:29:19.824Z,BTCUSD,NO TRADE,SCALP NO TRADE,rsi-not-in-zone
2025-11-08T12:29:28.809Z,ETHUSD,NO TRADE,-,trend-neutral
2025-11-08T12:29:28.812Z,BTCUSD,NO TRADE,-,rsi-not-in-zone
2025-11-08T12:29:43.506Z,BTCUSD,NO TRADE,-,rsi-not-in-zone
2025-11-08T12:29:43.845Z,ETHUSD,NO TRADE,-,trend-neutral
2025-11-08T12:29:58.493Z,ETHUSD,NO TRADE,-,trend-neutral
2025-11-08T12:29:58.849Z,BTCUSD,NO TRADE,-,rsi-not-in-zone
2025-11-08T12:30:13.708Z,ETHUSD,NO TRADE,-,trend-neutral
2025-11-08T12:30:13.737Z,BTCUSD,NO TRADE,-,rsi-not-in-zone
2025-11-08T12:30:28.636Z,ETHUSD,NO TRADE,-,trend-neutral
2025-11-08T12:30:28.641Z,BTCUSD,NO TRADE,-,rsi-not-in-zone
2025-11-08T12:30:43.791Z,BTCUSD,NO TRADE,-,rsi-not-in-zone
2025-11-08T12:30:43.815Z,ETHUSD,NO TRADE,-,trend-neutral
2025-11-08T12:30:58.403Z,ETHUSD,NO TRADE,-,trend-neutral
2025-11-08T12:30:58.902Z,BTCUSD,NO TRADE,-,rsi-not-in-zone
2025-11-08T12:31:13.641Z,ETHUSD,NO TRADE,-,trend-neutral
2025-11-08T12:31:14.157Z,BTCUSD,NO TRADE,-,rsi-not-in-zone
2025-11-08T12:31:28.779Z,BTCUSD,NO TRADE,-,rsi-not-in-zone
2025-11-08T12:31:28.807Z,ETHUSD,NO TRADE,-,trend-neutral
2025-11-08T12:31:43.431Z,BTCUSD,NO TRADE,-,rsi-not-in-zone
2025-11-08T12:31:43.815Z,ETHUSD,NO TRADE,-,trend-neutral
2025-11-08T12:31:58.775Z,ETHUSD,NO TRADE,-,trend-neutral
2025-11-08T12:31:58.942Z,BTCUSD,NO TRADE,-,rsi-not-in-zone
2025-11-08T12:32:14.131Z,ETHUSD,NO TRADE,-,trend-neutral
2025-11-08T12:32:14.149Z,BTCUSD,NO TRADE,-,rsi-not-in-zone
2025-11-08T12:32:28.460Z,BTCUSD,NO TRADE,-,rsi-not-in-zone
2025-11-08T12:32:28.718Z,ETHUSD,NO TRADE,-,trend-neutral
2025-11-08T12:32:43.797Z,BTCUSD,NO TRADE,-,rsi-not-in-zone
2025-11-08T12:32:43.804Z,ETHUSD,NO TRADE,-,trend-neutral
2025-11-08T12:32:58.951Z,ETHUSD,NO TRADE,-,trend-neutral
2025-11-08T12:32:58.956Z,BTCUSD,NO TRADE,-,rsi-not-in-zone
2025-11-08T12:33:13.843Z,BTCUSD,NO TRADE,-,rsi-not-in-zone
2025-11-08T12:33:13.944Z,ETHUSD,NO TRADE,-,trend-neutral
2025-11-08T12:33:28.362Z,BTCUSD,NO TRADE,-,rsi-not-in-zone
2025-11-08T12:33:28.893Z,ETHUSD,NO TRADE,-,trend-neutral
2025-11-08T12:33:43.810Z,BTCUSD,NO TRADE,-,rsi-not-in-zone
2025-11-08T12:33:43.911Z,ETHUSD,NO TRADE,-,trend-neutral
2025-11-08T12:33:59.089Z,ETHUSD,NO TRADE,-,trend-neutral
2025-11-08T12:33:59.100Z,BTCUSD,NO TRADE,-,rsi-not-in-zone
2025-11-08T12:34:13.463Z,ETHUSD,NO TRADE,-,trend-neutral
2025-11-08T12:34:14.005Z,BTCUSD,NO TRADE,-,rsi-not-in-zone
2025-11-08T12:34:28.466Z,BTCUSD,NO TRADE,-,rsi-not-in-zone
2025-11-08T12:34:28.949Z,ETHUSD,NO TRADE,-,trend-neutral
2025-11-08T12:34:43.920Z,BTCUSD,NO TRADE,-,rsi-not-in-zone
2025-11-08T12:34:44.121Z,ETHUSD,NO TRADE,-,trend-neutral
2025-11-08T12:34:59.016Z,ETHUSD,NO TRADE,-,trend-neutral
2025-11-08T12:34:59.061Z,BTCUSD,NO TRADE,-,rsi-not-in-zone
2025-11-08T12:35:13.902Z,ETHUSD,NO TRADE,-,trend-neutral
2025-11-08T12:35:14.056Z,BTCUSD,NO TRADE,-,rsi-not-in-zone
2025-11-08T12:35:28.974Z,ETHUSD,NO TRADE,-,trend-neutral
2025-11-08T12:35:29.073Z,BTCUSD,NO TRADE,-,rsi-not-in-zone
2025-11-08T12:35:43.953Z,BTCUSD,NO TRADE,-,rsi-not-in-zone
2025-11-08T12:35:43.959Z,ETHUSD,NO TRADE,-,trend-neutral
2025-11-08T12:35:59.063Z,ETHUSD,NO TRADE,-,trend-neutral
2025-11-08T12:35:59.070Z,BTCUSD,NO TRADE,-,rsi-not-in-zone
2025-11-08T12:36:14.267Z,ETHUSD,NO TRADE,-,trend-neutral
2025-11-08T12:36:14.393Z,BTCUSD,NO TRADE,-,rsi-not-in-zone
2025-11-08T12:36:28.877Z,BTCUSD,NO TRADE,-,rsi-not-in-zone
2025-11-08T12:36:29.005Z,ETHUSD,NO TRADE,-,trend-neutral
2025-11-08T12:36:43.883Z,BTCUSD,NO TRADE,-,rsi-not-in-zone
2025-11-08T12:36:44.007Z,ETHUSD,NO TRADE,-,trend-neutral
2025-11-08T12:36:58.982Z,ETHUSD,NO TRADE,-,trend-neutral
2025-11-08T12:36:59.080Z,BTCUSD,NO TRADE,-,rsi-not-in-zone
2025-11-08T12:37:14.157Z,BTCUSD,NO TRADE,-,rsi-not-in-zone
2025-11-08T12:37:14.162Z,ETHUSD,NO TRADE,-,trend-neutral
2025-11-08T12:37:28.962Z,BTCUSD,NO TRADE,-,rsi-not-in-zone
2025-11-08T12:37:29.104Z,ETHUSD,NO TRADE,-,trend-neutral
2025-11-08T12:37:43.704Z,ETHUSD,NO TRADE,-,trend-neutral
2025-11-08T12:37:44.050Z,BTCUSD,NO TRADE,-,rsi-not-in-zone
2025-11-08T12:37:59.148Z,BTCUSD,NO TRADE,-,rsi-not-in-zone
2025-11-08T12:37:59.208Z,ETHUSD,NO TRADE,-,trend-neutral
2025-11-08T12:38:14.046Z,ETHUSD,NO TRADE,-,trend-neutral
2025-11-08T12:38:14.170Z,BTCUSD,NO TRADE,-,rsi-not-in-zone
2025-11-08T12:38:29.103Z,BTCUSD,NO TRADE,-,rsi-not-in-zone
2025-11-08T12:38:29.110Z,ETHUSD,NO TRADE,-,trend-neutral
2025-11-08T12:38:44.046Z,BTCUSD,NO TRADE,-,rsi-not-in-zone
2025-11-08T12:38:44.127Z,ETHUSD,NO TRADE,-,trend-neutral
2025-11-08T12:38:59.062Z,BTCUSD,NO TRADE,-,rsi-not-in-zone
2025-11-08T12:38:59.067Z,ETHUSD,NO TRADE,-,trend-neutral
2025-11-08T12:39:14.076Z,BTCUSD,NO TRADE,-,rsi-not-in-zone
2025-11-08T12:39:14.188Z,ETHUSD,NO TRADE,-,trend-neutral
2025-11-08T12:39:29.165Z,ETHUSD,NO TRADE,-,trend-neutral
2025-11-08T12:39:29.181Z,BTCUSD,NO TRADE,-,rsi-not-in-zone
2025-11-08T12:39:43.648Z,ETHUSD,NO TRADE,-,trend-neutral
2025-11-08T12:39:44.181Z,BTCUSD,NO TRADE,-,rsi-not-in-zone
2025-11-08T12:39:59.236Z,BTCUSD,NO TRADE,-,rsi-not-in-zone
2025-11-08T12:39:59.284Z,ETHUSD,NO TRADE,-,trend-neutral
2025-11-08T12:40:13.714Z,ETHUSD,NO TRADE,-,trend-neutral
2025-11-08T12:40:14.263Z,BTCUSD,NO TRADE,-,rsi-not-in-zone
2025-11-08T12:40:29.028Z,BTCUSD,NO TRADE,-,rsi-not-in-zone
2025-11-08T12:40:29.154Z,ETHUSD,NO TRADE,-,trend-neutral
2025-11-08T12:40:44.153Z,BTCUSD,NO TRADE,-,rsi-not-in-zone
2025-11-08T12:40:44.161Z,ETHUSD,NO TRADE,-,trend-neutral
2025-11-08T12:40:59.236Z,ETHUSD,NO TRADE,-,trend-neutral
2025-11-08T12:40:59.265Z,BTCUSD,NO TRADE,-,rsi-not-in-zone
2025-11-08T12:41:14.237Z,ETHUSD,NO TRADE,-,trend-neutral
2025-11-08T12:41:14.274Z,BTCUSD,NO TRADE,-,rsi-not-in-zone
2025-11-08T12:41:29.031Z,ETHUSD,NO TRADE,-,trend-neutral
2025-11-08T12:41:29.166Z,BTCUSD,NO TRADE,-,rsi-not-in-zone
2025-11-08T12:41:43.794Z,BTCUSD,NO TRADE,-,rsi-not-in-zone
2025-11-08T12:41:44.191Z,ETHUSD,NO TRADE,-,trend-neutral
2025-11-08T12:41:59.216Z,ETHUSD,NO TRADE,-,trend-neutral
2025-11-08T12:41:59.222Z,BTCUSD,NO TRADE,-,rsi-not-in-zone
2025-11-08T12:42:14.266Z,ETHUSD,NO TRADE,-,trend-neutral
2025-11-08T12:42:14.286Z,BTCUSD,NO TRADE,-,rsi-not-in-zone
2025-11-08T12:42:29.210Z,ETHUSD,NO TRADE,-,trend-neutral
2025-11-08T12:42:29.219Z,BTCUSD,NO TRADE,-,rsi-not-in-zone
2025-11-08T12:42:43.835Z,BTCUSD,NO TRADE,-,rsi-not-in-zone
2025-11-08T12:42:44.483Z,ETHUSD,NO TRADE,-,trend-neutral
2025-11-08T12:42:59.104Z,ETHUSD,NO TRADE,-,trend-neutral
2025-11-08T12:42:59.203Z,BTCUSD,NO TRADE,-,rsi-not-in-zone
2025-11-08T12:43:13.830Z,BTCUSD,NO TRADE,-,rsi-not-in-zone
2025-11-08T12:43:13.953Z,ETHUSD,NO TRADE,-,trend-neutral
2025-11-08T12:43:29.068Z,BTCUSD,NO TRADE,-,rsi-not-in-zone
2025-11-08T12:43:29.079Z,ETHUSD,NO TRADE,-,trend-neutral
2025-11-08T12:43:44.088Z,BTCUSD,NO TRADE,-,rsi-not-in-zone
2025-11-08T12:43:44.222Z,ETHUSD,NO TRADE,-,trend-neutral
2025-11-08T12:43:59.071Z,BTCUSD,NO TRADE,-,rsi-not-in-zone
2025-11-08T12:43:59.076Z,ETHUSD,NO TRADE,-,trend-neutral
2025-11-08T12:44:14.093Z,BTCUSD,NO TRADE,-,rsi-not-in-zone
2025-11-08T12:44:14.240Z,ETHUSD,NO TRADE,-,trend-neutral
2025-11-08T12:44:28.809Z,BTCUSD,NO TRADE,-,rsi-not-in-zone
2025-11-08T12:44:28.881Z,ETHUSD,NO TRADE,-,trend-neutral
2025-11-08T12:44:44.225Z,ETHUSD,NO TRADE,-,trend-neutral
2025-11-08T12:44:44.245Z,BTCUSD,NO TRADE,-,rsi-not-in-zone
2025-11-08T12:44:58.716Z,BTCUSD,NO TRADE,-,rsi-not-in-zone
2025-11-08T12:44:59.123Z,ETHUSD,NO TRADE,-,trend-neutral
2025-11-08T12:45:14.274Z,BTCUSD,NO TRADE,-,rsi-not-in-zone
2025-11-08T12:45:14.282Z,ETHUSD,NO TRADE,-,rsi-not-in-zone
2025-11-08T12:45:28.899Z,ETHUSD,NO TRADE,-,rsi-not-in-zone
2025-11-08T12:45:29.110Z,BTCUSD,NO TRADE,-,rsi-not-in-zone
2025-11-08T12:45:44.225Z,ETHUSD,NO TRADE,-,rsi-not-in-zone
2025-11-08T12:45:44.350Z,BTCUSD,NO TRADE,-,rsi-not-in-zone
2025-11-08T12:45:59.142Z,BTCUSD,NO TRADE,-,rsi-not-in-zone
2025-11-08T12:45:59.309Z,ETHUSD,NO TRADE,-,rsi-not-in-zone
2025-11-08T12:46:07.111Z,ETHUSD,NO TRADE,-,rsi-not-in-zone
2025-11-08T12:46:07.115Z,BTCUSD,NO TRADE,-,rsi-not-in-zone
2025-11-08T12:46:21.742Z,BTCUSD,NO TRADE,-,rsi-not-in-zone
2025-11-08T12:46:22.076Z,ETHUSD,NO TRADE,-,rsi-not-in-zone
2025-11-08T12:46:37.133Z,BTCUSD,NO TRADE,-,rsi-not-in-zone
2025-11-08T12:46:37.172Z,ETHUSD,NO TRADE,-,rsi-not-in-zone
2025-11-08T12:46:52.068Z,ETHUSD,NO TRADE,-,rsi-not-in-zone
2025-11-08T12:46:52.211Z,BTCUSD,NO TRADE,-,rsi-not-in-zone
2025-11-08T12:47:06.641Z,BTCUSD,NO TRADE,-,rsi-not-in-zone
2025-11-08T12:47:07.115Z,ETHUSD,NO TRADE,-,rsi-not-in-zone
2025-11-08T12:47:22.019Z,BTCUSD,NO TRADE,-,rsi-not-in-zone
2025-11-08T12:47:22.240Z,ETHUSD,NO TRADE,-,rsi-not-in-zone
2025-11-08T12:47:37.175Z,BTCUSD,NO TRADE,-,rsi-not-in-zone
2025-11-08T12:47:37.189Z,ETHUSD,NO TRADE,-,rsi-not-in-zone
2025-11-08T12:47:52.018Z,BTCUSD,NO TRADE,-,rsi-not-in-zone
2025-11-08T12:47:52.163Z,ETHUSD,NO TRADE,-,rsi-not-in-zone
2025-11-08T12:48:07.156Z,ETHUSD,NO TRADE,-,rsi-not-in-zone
2025-11-08T12:48:07.162Z,BTCUSD,NO TRADE,-,rsi-not-in-zone
2025-11-08T12:48:22.061Z,ETHUSD,NO TRADE,-,rsi-not-in-zone
2025-11-08T12:48:22.102Z,BTCUSD,NO TRADE,-,rsi-not-in-zone
2025-11-08T12:48:36.900Z,BTCUSD,NO TRADE,-,rsi-not-in-zone
2025-11-08T12:48:37.315Z,ETHUSD,NO TRADE,-,rsi-not-in-zone
2025-11-08T12:48:52.128Z,BTCUSD,NO TRADE,-,rsi-not-in-zone
2025-11-08T12:48:52.291Z,ETHUSD,NO TRADE,-,rsi-not-in-zone
2025-11-08T12:49:07.075Z,ETHUSD,NO TRADE,-,rsi-not-in-zone
2025-11-08T12:49:07.092Z,BTCUSD,NO TRADE,-,rsi-not-in-zone
2025-11-08T12:49:22.073Z,BTCUSD,NO TRADE,-,rsi-not-in-zone
2025-11-08T12:49:22.193Z,ETHUSD,NO TRADE,-,rsi-not-in-zone
2025-11-08T12:49:36.815Z,BTCUSD,NO TRADE,-,rsi-not-in-zone
2025-11-08T12:49:37.231Z,ETHUSD,NO TRADE,-,rsi-not-in-zone
2025-11-08T12:49:52.175Z,ETHUSD,NO TRADE,-,rsi-not-in-zone
2025-11-08T12:49:52.180Z,BTCUSD,NO TRADE,-,rsi-not-in-zone
2025-11-08T12:50:06.851Z,ETHUSD,NO TRADE,-,rsi-not-in-zone
2025-11-08T12:50:07.097Z,BTCUSD,NO TRADE,-,rsi-not-in-zone
2025-11-08T12:50:21.834Z,ETHUSD,NO TRADE,-,rsi-not-in-zone
2025-11-08T12:50:22.246Z,BTCUSD,NO TRADE,-,rsi-not-in-zone
2025-11-08T12:50:37.104Z,ETHUSD,NO TRADE,-,rsi-not-in-zone
2025-11-08T12:50:37.109Z,BTCUSD,NO TRADE,-,rsi-not-in-zone
2025-11-08T12:50:51.866Z,BTCUSD,NO TRADE,-,rsi-not-in-zone
2025-11-08T12:50:52.293Z,ETHUSD,NO TRADE,-,rsi-not-in-zone
2025-11-08T12:51:07.221Z,ETHUSD,NO TRADE,-,rsi-not-in-zone
2025-11-08T12:51:07.254Z,BTCUSD,NO TRADE,-,rsi-not-in-zone
2025-11-08T12:51:22.142Z,BTCUSD,NO TRADE,-,rsi-not-in-zone
2025-11-08T12:51:22.246Z,ETHUSD,NO TRADE,-,rsi-not-in-zone
2025-11-08T12:51:37.258Z,BTCUSD,NO TRADE,-,rsi-not-in-zone
2025-11-08T12:51:37.261Z,ETHUSD,NO TRADE,-,rsi-not-in-zone
2025-11-08T12:51:51.908Z,BTCUSD,NO TRADE,-,rsi-not-in-zone
2025-11-08T12:51:52.310Z,ETHUSD,NO TRADE,-,rsi-not-in-zone
2025-11-08T12:52:07.012Z,ETHUSD,NO TRADE,-,rsi-not-in-zone
2025-11-08T12:52:07.412Z,BTCUSD,NO TRADE,-,rsi-not-in-zone
2025-11-08T12:52:22.180Z,ETHUSD,NO TRADE,-,rsi-not-in-zone
2025-11-08T12:52:22.328Z,BTCUSD,NO TRADE,-,rsi-not-in-zone
2025-11-08T12:52:37.170Z,BTCUSD,NO TRADE,-,rsi-not-in-zone
2025-11-08T12:52:37.303Z,ETHUSD,NO TRADE,-,rsi-not-in-zone
2025-11-08T12:52:52.172Z,BTCUSD,NO TRADE,-,rsi-not-in-zone
2025-11-08T12:52:52.305Z,ETHUSD,NO TRADE,-,rsi-not-in-zone
2025-11-08T12:53:07.255Z,BTCUSD,NO TRADE,-,rsi-not-in-zone
2025-11-08T12:53:07.387Z,ETHUSD,NO TRADE,-,rsi-not-in-zone
2025-11-08T13:16:16.124Z,ETHUSD,NO TRADE,-,rsi-not-in-zone
2025-11-08T13:16:16.276Z,BTCUSD,NO TRADE,-,rsi-not-in-zone
2025-11-08T13:16:31.110Z,BTCUSD,NO TRADE,-,rsi-not-in-zone
2025-11-08T13:16:31.244Z,ETHUSD,NO TRADE,-,rsi-not-in-zone
2025-11-08T13:16:46.187Z,ETHUSD,NO TRADE,-,rsi-not-in-zone
2025-11-08T13:16:46.358Z,BTCUSD,NO TRADE,-,rsi-not-in-zone
2025-11-08T13:17:00.806Z,ETHUSD,NO TRADE,-,rsi-not-in-zone
2025-11-08T13:17:01.373Z,BTCUSD,NO TRADE,-,rsi-not-in-zone
2025-11-08T13:17:16.187Z,ETHUSD,NO TRADE,-,rsi-not-in-zone
2025-11-08T13:17:16.193Z,BTCUSD,NO TRADE,-,rsi-not-in-zone
2025-11-08T13:17:30.945Z,ETHUSD,NO TRADE,-,rsi-not-in-zone
2025-11-08T13:17:31.331Z,BTCUSD,NO TRADE,-,rsi-not-in-zone
2025-11-08T13:17:46.306Z,ETHUSD,NO TRADE,-,rsi-not-in-zone
2025-11-08T13:17:46.311Z,BTCUSD,NO TRADE,-,rsi-not-in-zone
2025-11-08T13:18:01.263Z,BTCUSD,NO TRADE,-,rsi-not-in-zone
2025-11-08T13:18:01.373Z,ETHUSD,NO TRADE,-,rsi-not-in-zone
2025-11-08T13:18:13.117Z,BTCUSD,SHORT,-,rsi=40.57
2025-11-08T13:18:13.122Z,ETHUSD,NO TRADE,-,rsi-not-in-zone
2025-11-08T13:18:27.789Z,ETHUSD,NO TRADE,-,rsi-not-in-zone
2025-11-08T13:18:28.042Z,BTCUSD,SHORT,-,rsi=40.57
2025-11-08T13:18:42.952Z,ETHUSD,NO TRADE,-,rsi-not-in-zone
2025-11-08T13:18:43.159Z,BTCUSD,SHORT,-,rsi=40.57
2025-11-08T13:18:58.284Z,BTCUSD,SHORT,-,rsi=40.57
2025-11-08T13:18:58.310Z,ETHUSD,NO TRADE,-,rsi-not-in-zone
2025-11-08T13:19:07.894Z,ETHUSD,NO TRADE,-,rsi-not-in-zone
2025-11-08T13:19:08.010Z,BTCUSD,NO TRADE,-,rsi-not-in-zone
2025-11-08T13:19:22.999Z,ETHUSD,NO TRADE,-,rsi-not-in-zone
2025-11-08T13:19:23.006Z,BTCUSD,NO TRADE,-,rsi-not-in-zone
2025-11-08T13:19:37.561Z,ETHUSD,NO TRADE,-,rsi-not-in-zone
2025-11-08T13:19:38.125Z,BTCUSD,NO TRADE,-,rsi-not-in-zone
2025-11-08T13:19:52.866Z,ETHUSD,NO TRADE,-,rsi-not-in-zone
2025-11-08T13:19:52.878Z,BTCUSD,NO TRADE,-,rsi-not-in-zone
2025-11-08T13:20:07.862Z,BTCUSD,NO TRADE,-,rsi-not-in-zone
2025-11-08T13:20:07.980Z,ETHUSD,NO TRADE,-,rsi-not-in-zone
2025-11-08T13:20:23.008Z,BTCUSD,NO TRADE,-,rsi-not-in-zone
2025-11-08T13:20:23.014Z,ETHUSD,NO TRADE,-,rsi-not-in-zone
2025-11-08T13:20:38.086Z,ETHUSD,NO TRADE,-,rsi-not-in-zone
2025-11-08T13:20:38.095Z,BTCUSD,NO TRADE,-,rsi-not-in-zone
2025-11-08T13:20:52.912Z,ETHUSD,NO TRADE,-,rsi-not-in-zone
2025-11-08T13:20:53.018Z,BTCUSD,NO TRADE,-,rsi-not-in-zone
2025-11-08T13:21:07.892Z,ETHUSD,NO TRADE,-,rsi-not-in-zone
2025-11-08T13:21:07.911Z,BTCUSD,NO TRADE,-,rsi-not-in-zone
2025-11-08T13:21:22.907Z,BTCUSD,NO TRADE,-,rsi-not-in-zone
2025-11-08T13:21:23.016Z,ETHUSD,NO TRADE,-,rsi-not-in-zone
2025-11-08T13:21:38.215Z,BTCUSD,NO TRADE,-,rsi-not-in-zone
2025-11-08T13:21:38.294Z,ETHUSD,NO TRADE,-,rsi-not-in-zone
2025-11-08T13:21:52.890Z,ETHUSD,NO TRADE,-,rsi-not-in-zone
2025-11-08T13:21:53.039Z,BTCUSD,NO TRADE,-,rsi-not-in-zone
2025-11-08T13:22:07.545Z,ETHUSD,NO TRADE,-,rsi-not-in-zone
2025-11-08T13:22:08.039Z,BTCUSD,NO TRADE,-,rsi-not-in-zone
2025-11-08T13:22:22.660Z,ETHUSD,NO TRADE,-,rsi-not-in-zone
2025-11-08T13:22:22.928Z,BTCUSD,NO TRADE,-,rsi-not-in-zone
2025-11-08T13:22:38.003Z,BTCUSD,NO TRADE,-,rsi-not-in-zone
2025-11-08T13:22:38.146Z,ETHUSD,NO TRADE,-,rsi-not-in-zone
2025-11-08T13:22:53.040Z,BTCUSD,NO TRADE,-,rsi-not-in-zone
2025-11-08T13:22:53.151Z,ETHUSD,NO TRADE,-,rsi-not-in-zone
2025-11-08T13:23:07.579Z,ETHUSD,NO TRADE,-,rsi-not-in-zone
2025-11-08T13:23:07.609Z,BTCUSD,NO TRADE,-,rsi-not-in-zone
2025-11-08T13:23:23.098Z,ETHUSD,NO TRADE,-,rsi-not-in-zone
2025-11-08T13:23:23.113Z,BTCUSD,NO TRADE,-,rsi-not-in-zone
2025-11-08T13:23:38.034Z,BTCUSD,NO TRADE,-,rsi-not-in-zone
2025-11-08T13:23:38.204Z,ETHUSD,NO TRADE,-,rsi-not-in-zone
2025-11-08T13:23:53.073Z,BTCUSD,NO TRADE,-,rsi-not-in-zone
2025-11-08T13:23:53.079Z,ETHUSD,NO TRADE,-,rsi-not-in-zone
2025-11-08T13:24:07.976Z,ETHUSD,NO TRADE,-,rsi-not-in-zone
2025-11-08T13:24:08.116Z,BTCUSD,NO TRADE,-,rsi-not-in-zone
2025-11-08T13:24:23.036Z,BTCUSD,NO TRADE,-,rsi-not-in-zone
2025-11-08T13:24:23.117Z,ETHUSD,NO TRADE,-,rsi-not-in-zone
2025-11-08T13:24:38.088Z,ETHUSD,NO TRADE,-,rsi-not-in-zone
2025-11-08T13:24:38.091Z,BTCUSD,NO TRADE,-,rsi-not-in-zone
2025-11-08T13:24:53.175Z,ETHUSD,NO TRADE,-,rsi-not-in-zone
2025-11-08T13:24:53.237Z,BTCUSD,NO TRADE,-,rsi-not-in-zone
2025-11-08T13:25:08.127Z,ETHUSD,NO TRADE,-,rsi-not-in-zone
2025-11-08T13:25:08.177Z,BTCUSD,NO TRADE,-,rsi-not-in-zone
2025-11-08T13:25:23.197Z,BTCUSD,NO TRADE,-,rsi-not-in-zone
2025-11-08T13:25:23.265Z,ETHUSD,NO TRADE,-,rsi-not-in-zone
2025-11-08T13:25:38.280Z,BTCUSD,NO TRADE,-,rsi-not-in-zone
2025-11-08T13:25:38.289Z,ETHUSD,NO TRADE,-,rsi-not-in-zone
2025-11-08T13:25:53.131Z,BTCUSD,NO TRADE,-,rsi-not-in-zone
2025-11-08T13:25:53.225Z,ETHUSD,NO TRADE,-,rsi-not-in-zone
2025-11-08T13:26:08.077Z,ETHUSD,NO TRADE,-,rsi-not-in-zone
2025-11-08T13:26:08.212Z,BTCUSD,NO TRADE,-,rsi-not-in-zone
2025-11-08T13:26:23.057Z,ETHUSD,NO TRADE,-,rsi-not-in-zone
2025-11-08T13:26:23.231Z,BTCUSD,NO TRADE,-,rsi-not-in-zone
2025-11-08T13:26:38.442Z,ETHUSD,NO TRADE,-,rsi-not-in-zone
2025-11-08T13:26:38.455Z,BTCUSD,NO TRADE,-,rsi-not-in-zone
2025-11-08T13:26:52.935Z,BTCUSD,NO TRADE,-,rsi-not-in-zone
2025-11-08T13:26:53.295Z,ETHUSD,NO TRADE,-,rsi-not-in-zone
2025-11-08T13:27:07.710Z,BTCUSD,NO TRADE,-,rsi-not-in-zone
2025-11-08T13:27:08.061Z,ETHUSD,NO TRADE,-,rsi-not-in-zone
2025-11-08T13:27:23.069Z,ETHUSD,NO TRADE,-,rsi-not-in-zone
2025-11-08T13:27:23.107Z,BTCUSD,NO TRADE,-,rsi-not-in-zone
2025-11-08T13:27:38.086Z,ETHUSD,NO TRADE,-,rsi-not-in-zone
2025-11-08T13:27:38.156Z,BTCUSD,NO TRADE,-,rsi-not-in-zone
2025-11-08T13:27:53.426Z,BTCUSD,NO TRADE,-,rsi-not-in-zone
2025-11-08T13:27:53.511Z,ETHUSD,NO TRADE,-,rsi-not-in-zone
2025-11-08T13:28:08.147Z,ETHUSD,NO TRADE,-,rsi-not-in-zone
2025-11-08T13:28:08.276Z,BTCUSD,NO TRADE,-,rsi-not-in-zone
2025-11-08T13:28:23.169Z,ETHUSD,NO TRADE,-,rsi-not-in-zone
2025-11-08T13:28:23.270Z,BTCUSD,NO TRADE,-,rsi-not-in-zone
2025-11-08T13:28:37.951Z,ETHUSD,NO TRADE,-,rsi-not-in-zone
2025-11-08T13:28:38.290Z,BTCUSD,NO TRADE,-,rsi-not-in-zone
2025-11-08T13:28:53.313Z,ETHUSD,NO TRADE,-,rsi-not-in-zone
2025-11-08T13:28:53.317Z,BTCUSD,NO TRADE,-,rsi-not-in-zone
2025-11-08T13:29:08.031Z,BTCUSD,NO TRADE,-,rsi-not-in-zone
2025-11-08T13:29:08.340Z,ETHUSD,NO TRADE,-,rsi-not-in-zone
2025-11-08T13:29:23.256Z,ETHUSD,NO TRADE,-,rsi-not-in-zone
2025-11-08T13:29:23.259Z,BTCUSD,NO TRADE,-,rsi-not-in-zone
2025-11-08T13:29:38.146Z,ETHUSD,NO TRADE,-,rsi-not-in-zone
2025-11-08T13:29:38.281Z,BTCUSD,NO TRADE,-,rsi-not-in-zone
2025-11-08T13:29:53.276Z,ETHUSD,NO TRADE,-,rsi-not-in-zone
2025-11-08T13:29:53.282Z,BTCUSD,NO TRADE,-,rsi-not-in-zone
2025-11-08T13:30:08.302Z,BTCUSD,NO TRADE,-,rsi-not-in-zone
2025-11-08T13:30:08.411Z,ETHUSD,NO TRADE,-,rsi-not-in-zone
2025-11-08T13:30:22.850Z,ETHUSD,NO TRADE,-,rsi-not-in-zone
2025-11-08T13:30:23.219Z,BTCUSD,NO TRADE,-,rsi-not-in-zone
2025-11-08T13:30:37.859Z,ETHUSD,NO TRADE,-,rsi-not-in-zone
2025-11-08T13:30:38.243Z,BTCUSD,NO TRADE,-,rsi-not-in-zone
2025-11-08T13:30:53.192Z,BTCUSD,NO TRADE,-,rsi-not-in-zone
2025-11-08T13:30:53.341Z,ETHUSD,NO TRADE,-,rsi-not-in-zone
2025-11-08T13:31:08.482Z,ETHUSD,NO TRADE,-,rsi-not-in-zone
2025-11-08T13:31:08.500Z,BTCUSD,NO TRADE,-,rsi-not-in-zone
2025-11-08T13:31:22.996Z,BTCUSD,NO TRADE,-,rsi-not-in-zone
2025-11-08T13:31:23.399Z,ETHUSD,NO TRADE,-,rsi-not-in-zone
2025-11-08T13:31:38.001Z,BTCUSD,NO TRADE,-,rsi-not-in-zone
2025-11-08T13:31:38.245Z,ETHUSD,NO TRADE,-,rsi-not-in-zone
2025-11-08T13:31:53.137Z,ETHUSD,NO TRADE,-,rsi-not-in-zone
2025-11-08T13:31:53.218Z,BTCUSD,NO TRADE,-,rsi-not-in-zone
2025-11-08T13:32:08.324Z,BTCUSD,NO TRADE,-,rsi-not-in-zone
2025-11-08T13:32:08.485Z,ETHUSD,NO TRADE,-,rsi-not-in-zone
2025-11-08T13:32:23.391Z,BTCUSD,NO TRADE,-,rsi-not-in-zone
2025-11-08T13:32:23.456Z,ETHUSD,NO TRADE,-,rsi-not-in-zone
2025-11-08T13:32:38.411Z,BTCUSD,NO TRADE,-,rsi-not-in-zone
2025-11-08T13:32:38.442Z,ETHUSD,NO TRADE,-,rsi-not-in-zone
2025-11-08T13:32:53.264Z,ETHUSD,NO TRADE,-,rsi-not-in-zone
2025-11-08T13:32:53.281Z,BTCUSD,NO TRADE,-,rsi-not-in-zone
2025-11-08T13:33:08.410Z,BTCUSD,NO TRADE,-,rsi-not-in-zone
2025-11-08T13:33:08.541Z,ETHUSD,NO TRADE,-,rsi-not-in-zone
2025-11-08T13:33:23.314Z,ETHUSD,NO TRADE,-,rsi-not-in-zone
2025-11-08T13:33:23.318Z,BTCUSD,NO TRADE,-,rsi-not-in-zone
2025-11-08T13:33:38.297Z,BTCUSD,NO TRADE,-,rsi-not-in-zone
2025-11-08T13:33:38.423Z,ETHUSD,NO TRADE,-,rsi-not-in-zone
2025-11-08T13:33:53.317Z,BTCUSD,NO TRADE,-,rsi-not-in-zone
2025-11-08T13:33:53.334Z,ETHUSD,NO TRADE,-,rsi-not-in-zone
2025-11-08T13:34:08.403Z,BTCUSD,NO TRADE,-,rsi-not-in-zone
2025-11-08T13:34:08.407Z,ETHUSD,NO TRADE,-,rsi-not-in-zone
2025-11-08T13:34:22.947Z,ETHUSD,NO TRADE,-,rsi-not-in-zone
2025-11-08T13:34:23.354Z,BTCUSD,NO TRADE,-,rsi-not-in-zone
2025-11-08T15:04:05.551Z,BTCUSD,NO TRADE,-,rsi-not-in-zone
2025-11-08T15:04:06.047Z,ETHUSD,NO TRADE,-,rsi-not-in-zone
2025-11-08T15:04:19.691Z,ETHUSD,NO TRADE,-,rsi-not-in-zone
2025-11-08T15:04:19.827Z,BTCUSD,NO TRADE,-,rsi-not-in-zone
2025-11-08T15:04:34.773Z,ETHUSD,NO TRADE,-,rsi-not-in-zone
2025-11-08T15:04:34.791Z,BTCUSD,NO TRADE,-,rsi-not-in-zone
2025-11-08T15:04:49.757Z,ETHUSD,NO TRADE,-,rsi-not-in-zone
2025-11-08T15:04:49.885Z,BTCUSD,NO TRADE,-,rsi-not-in-zone
2025-11-08T15:05:07.949Z,ETHUSD,NO TRADE,-,rsi-not-in-zone
2025-11-08T15:05:08.041Z,BTCUSD,NO TRADE,-,rsi-not-in-zone
2025-11-08T15:05:19.768Z,ETHUSD,NO TRADE,-,rsi-not-in-zone
2025-11-08T15:05:19.916Z,BTCUSD,NO TRADE,-,rsi-not-in-zone
2025-11-08T15:05:34.966Z,ETHUSD,NO TRADE,-,rsi-not-in-zone
2025-11-08T15:05:34.987Z,BTCUSD,NO TRADE,-,rsi-not-in-zone
2025-11-08T15:05:49.771Z,ETHUSD,NO TRADE,-,rsi-not-in-zone
2025-11-08T15:05:49.802Z,BTCUSD,NO TRADE,-,rsi-not-in-zone
2025-11-08T15:06:04.486Z,ETHUSD,NO TRADE,-,rsi-not-in-zone
2025-11-08T15:06:04.854Z,BTCUSD,NO TRADE,-,rsi-not-in-zone
2025-11-08T15:06:19.608Z,BTCUSD,NO TRADE,-,rsi-not-in-zone
2025-11-08T15:06:20.004Z,ETHUSD,NO TRADE,-,rsi-not-in-zone
2025-11-08T15:06:34.957Z,BTCUSD,NO TRADE,-,rsi-not-in-zone
2025-11-08T15:06:34.969Z,ETHUSD,NO TRADE,-,rsi-not-in-zone
2025-11-08T15:06:49.818Z,BTCUSD,NO TRADE,-,rsi-not-in-zone
2025-11-08T15:06:49.823Z,ETHUSD,NO TRADE,-,rsi-not-in-zone
2025-11-08T15:07:04.800Z,ETHUSD,NO TRADE,-,rsi-not-in-zone
2025-11-08T15:07:04.975Z,BTCUSD,NO TRADE,-,rsi-not-in-zone
2025-11-08T15:07:19.897Z,BTCUSD,NO TRADE,-,rsi-not-in-zone
2025-11-08T15:07:20.026Z,ETHUSD,NO TRADE,-,rsi-not-in-zone
2025-11-08T15:07:34.479Z,ETHUSD,NO TRADE,-,rsi-not-in-zone
2025-11-08T15:07:34.841Z,BTCUSD,NO TRADE,-,rsi-not-in-zone
2025-11-08T15:07:49.991Z,ETHUSD,NO TRADE,-,rsi-not-in-zone
2025-11-08T15:07:50.119Z,BTCUSD,NO TRADE,-,rsi-not-in-zone
2025-11-08T15:08:05.244Z,BTCUSD,NO TRADE,-,rsi-not-in-zone
2025-11-08T15:08:05.254Z,ETHUSD,NO TRADE,-,rsi-not-in-zone
2025-11-08T15:08:20.304Z,ETHUSD,NO TRADE,-,rsi-not-in-zone
2025-11-08T15:08:20.311Z,BTCUSD,NO TRADE,-,rsi-not-in-zone
2025-11-08T15:08:34.683Z,BTCUSD,NO TRADE,-,rsi-not-in-zone
2025-11-08T15:08:34.956Z,ETHUSD,NO TRADE,-,rsi-not-in-zone
2025-11-08T15:08:49.995Z,ETHUSD,NO TRADE,-,rsi-not-in-zone
2025-11-08T15:08:50.233Z,BTCUSD,NO TRADE,-,rsi-not-in-zone
2025-11-08T15:09:05.045Z,ETHUSD,NO TRADE,-,rsi-not-in-zone
2025-11-08T15:09:05.180Z,BTCUSD,NO TRADE,-,rsi-not-in-zone
2025-11-08T15:09:20.308Z,ETHUSD,NO TRADE,-,rsi-not-in-zone
2025-11-08T15:09:20.488Z,BTCUSD,NO TRADE,-,rsi-not-in-zone
